[22:28:52] [Server thread/INFO]: Starting minecraft server version 1.15.2
[22:28:52] [Server thread/INFO]: Loading properties
[22:28:53] [Server thread/INFO]: This server is running CraftBukkit version git-Spigot-800b93f-8160e29 (MC: 1.15.2) (Implementing API version 1.15.2-R0.1-SNAPSHOT)
[22:28:54] [Server thread/INFO]: Server Ping Player Sample Count: 12
[22:28:54] [Server thread/INFO]: Using 4 threads for Netty based IO
[22:28:54] [Server thread/INFO]: Debug logging is disabled
[22:28:55] [Server thread/INFO]: Default game type: SURVIVAL
[22:28:55] [Server thread/INFO]: Generating keypair
[22:28:56] [Server thread/INFO]: Starting Minecraft server on *:25565
[22:28:56] [Server thread/INFO]: Using epoll channel type
[22:29:04] [Server thread/WARN]: Plugin SuperLogin v1.1 does not specify an api-version.
[22:29:04] [Server thread/INFO]: [SuperLogin] Loading SuperLogin v1.1
[22:29:04] [Server thread/WARN]: **** SERVER IS RUNNING IN OFFLINE/INSECURE MODE!
[22:29:04] [Server thread/WARN]: The server will make no attempt to authenticate usernames. Beware.
[22:29:04] [Server thread/WARN]: While this makes the game possible to play without internet access, it also opens up the ability for hackers to connect with any username they choose.
[22:29:04] [Server thread/WARN]: To change this, set "online-mode" to "true" in the server.properties file.
[22:29:04] [Server thread/INFO]: Preparing level "world"
[22:29:05] [Server thread/INFO]: Reloading ResourceManager: Default, bukkit
[22:29:06] [Server thread/INFO]: Loaded 6 recipes
[22:29:07] [Server thread/INFO]: -------- World Settings For [world] --------
[22:29:07] [Server thread/INFO]: Experience Merge Radius: 3.0
[22:29:07] [Server thread/INFO]: Cactus Growth Modifier: 100%
[22:29:07] [Server thread/INFO]: Cane Growth Modifier: 100%
[22:29:07] [Server thread/INFO]: Melon Growth Modifier: 100%
[22:29:07] [Server thread/INFO]: Mushroom Growth Modifier: 100%
[22:29:07] [Server thread/INFO]: Pumpkin Growth Modifier: 100%
[22:29:07] [Server thread/INFO]: Sapling Growth Modifier: 100%
[22:29:07] [Server thread/INFO]: Beetroot Growth Modifier: 100%
[22:29:07] [Server thread/INFO]: Carrot Growth Modifier: 100%
[22:29:07] [Server thread/INFO]: Potato Growth Modifier: 100%
[22:29:07] [Server thread/INFO]: Wheat Growth Modifier: 100%
[22:29:07] [Server thread/INFO]: NetherWart Growth Modifier: 100%
[22:29:07] [Server thread/INFO]: Vine Growth Modifier: 100%
[22:29:07] [Server thread/INFO]: Cocoa Growth Modifier: 100%
[22:29:07] [Server thread/INFO]: Bamboo Growth Modifier: 100%
[22:29:07] [Server thread/INFO]: SweetBerry Growth Modifier: 100%
[22:29:07] [Server thread/INFO]: Kelp Growth Modifier: 100%
[22:29:07] [Server thread/INFO]: Entity Activation Range: An 32 / Mo 32 / Ra 48 / Mi 16 / Tiv true
[22:29:07] [Server thread/INFO]: Entity Tracking Range: Pl 48 / An 48 / Mo 48 / Mi 32 / Other 64
[22:29:07] [Server thread/INFO]: Hopper Transfer: 8 Hopper Check: 1 Hopper Amount: 1
[22:29:07] [Server thread/INFO]: Custom Map Seeds:  Village: 10387312 Desert: 14357617 Igloo: 14357618 Jungle: 14357619 Swamp: 14357620 Monument: 10387313Ocean: 14357621 Shipwreck: 165745295 Slime: 987234911
[22:29:07] [Server thread/INFO]: Max TNT Explosions: 100
[22:29:07] [Server thread/INFO]: Tile Max Tick Time: 50ms Entity max Tick Time: 50ms
[22:29:07] [Server thread/INFO]: Mob Spawn Range: 6
[22:29:07] [Server thread/INFO]: View Distance: 10
[22:29:07] [Server thread/INFO]: Item Merge Radius: 2.5
[22:29:07] [Server thread/INFO]: Item Despawn Rate: 6000
[22:29:07] [Server thread/INFO]: Allow Zombie Pigmen to spawn from portal blocks: true
[22:29:07] [Server thread/INFO]: Arrow Despawn Rate: 1200 Trident Respawn Rate:1200
[22:29:07] [Server thread/INFO]: Zombie Aggressive Towards Villager: true
[22:29:07] [Server thread/INFO]: Nerfing mobs spawned from spawners: false
[22:29:08] [Server thread/INFO]: -------- World Settings For [world_nether] --------
[22:29:08] [Server thread/INFO]: Experience Merge Radius: 3.0
[22:29:08] [Server thread/INFO]: Cactus Growth Modifier: 100%
[22:29:08] [Server thread/INFO]: Cane Growth Modifier: 100%
[22:29:08] [Server thread/INFO]: Melon Growth Modifier: 100%
[22:29:08] [Server thread/INFO]: Mushroom Growth Modifier: 100%
[22:29:08] [Server thread/INFO]: Pumpkin Growth Modifier: 100%
[22:29:08] [Server thread/INFO]: Sapling Growth Modifier: 100%
[22:29:08] [Server thread/INFO]: Beetroot Growth Modifier: 100%
[22:29:08] [Server thread/INFO]: Carrot Growth Modifier: 100%
[22:29:08] [Server thread/INFO]: Potato Growth Modifier: 100%
[22:29:08] [Server thread/INFO]: Wheat Growth Modifier: 100%
[22:29:08] [Server thread/INFO]: NetherWart Growth Modifier: 100%
[22:29:08] [Server thread/INFO]: Vine Growth Modifier: 100%
[22:29:08] [Server thread/INFO]: Cocoa Growth Modifier: 100%
[22:29:08] [Server thread/INFO]: Bamboo Growth Modifier: 100%
[22:29:08] [Server thread/INFO]: SweetBerry Growth Modifier: 100%
[22:29:08] [Server thread/INFO]: Kelp Growth Modifier: 100%
[22:29:08] [Server thread/INFO]: Entity Activation Range: An 32 / Mo 32 / Ra 48 / Mi 16 / Tiv true
[22:29:08] [Server thread/INFO]: Entity Tracking Range: Pl 48 / An 48 / Mo 48 / Mi 32 / Other 64
[22:29:08] [Server thread/INFO]: Hopper Transfer: 8 Hopper Check: 1 Hopper Amount: 1
[22:29:08] [Server thread/INFO]: Custom Map Seeds:  Village: 10387312 Desert: 14357617 Igloo: 14357618 Jungle: 14357619 Swamp: 14357620 Monument: 10387313Ocean: 14357621 Shipwreck: 165745295 Slime: 987234911
[22:29:08] [Server thread/INFO]: Max TNT Explosions: 100
[22:29:08] [Server thread/INFO]: Tile Max Tick Time: 50ms Entity max Tick Time: 50ms
[22:29:08] [Server thread/INFO]: Mob Spawn Range: 6
[22:29:08] [Server thread/INFO]: View Distance: 10
[22:29:08] [Server thread/INFO]: Item Merge Radius: 2.5
[22:29:08] [Server thread/INFO]: Item Despawn Rate: 6000
[22:29:08] [Server thread/INFO]: Allow Zombie Pigmen to spawn from portal blocks: true
[22:29:08] [Server thread/INFO]: Arrow Despawn Rate: 1200 Trident Respawn Rate:1200
[22:29:08] [Server thread/INFO]: Zombie Aggressive Towards Villager: true
[22:29:08] [Server thread/INFO]: Nerfing mobs spawned from spawners: false
[22:29:09] [Server thread/INFO]: -------- World Settings For [world_the_end] --------
[22:29:09] [Server thread/INFO]: Experience Merge Radius: 3.0
[22:29:09] [Server thread/INFO]: Cactus Growth Modifier: 100%
[22:29:09] [Server thread/INFO]: Cane Growth Modifier: 100%
[22:29:09] [Server thread/INFO]: Melon Growth Modifier: 100%
[22:29:09] [Server thread/INFO]: Mushroom Growth Modifier: 100%
[22:29:09] [Server thread/INFO]: Pumpkin Growth Modifier: 100%
[22:29:09] [Server thread/INFO]: Sapling Growth Modifier: 100%
[22:29:09] [Server thread/INFO]: Beetroot Growth Modifier: 100%
[22:29:09] [Server thread/INFO]: Carrot Growth Modifier: 100%
[22:29:09] [Server thread/INFO]: Potato Growth Modifier: 100%
[22:29:09] [Server thread/INFO]: Wheat Growth Modifier: 100%
[22:29:09] [Server thread/INFO]: NetherWart Growth Modifier: 100%
[22:29:09] [Server thread/INFO]: Vine Growth Modifier: 100%
[22:29:09] [Server thread/INFO]: Cocoa Growth Modifier: 100%
[22:29:09] [Server thread/INFO]: Bamboo Growth Modifier: 100%
[22:29:09] [Server thread/INFO]: SweetBerry Growth Modifier: 100%
[22:29:09] [Server thread/INFO]: Kelp Growth Modifier: 100%
[22:29:09] [Server thread/INFO]: Entity Activation Range: An 32 / Mo 32 / Ra 48 / Mi 16 / Tiv true
[22:29:09] [Server thread/INFO]: Entity Tracking Range: Pl 48 / An 48 / Mo 48 / Mi 32 / Other 64
[22:29:09] [Server thread/INFO]: Hopper Transfer: 8 Hopper Check: 1 Hopper Amount: 1
[22:29:09] [Server thread/INFO]: Custom Map Seeds:  Village: 10387312 Desert: 14357617 Igloo: 14357618 Jungle: 14357619 Swamp: 14357620 Monument: 10387313Ocean: 14357621 Shipwreck: 165745295 Slime: 987234911
[22:29:09] [Server thread/INFO]: Max TNT Explosions: 100
[22:29:09] [Server thread/INFO]: Tile Max Tick Time: 50ms Entity max Tick Time: 50ms
[22:29:09] [Server thread/INFO]: Mob Spawn Range: 6
[22:29:09] [Server thread/INFO]: View Distance: 10
[22:29:09] [Server thread/INFO]: Item Merge Radius: 2.5
[22:29:09] [Server thread/INFO]: Item Despawn Rate: 6000
[22:29:09] [Server thread/INFO]: Allow Zombie Pigmen to spawn from portal blocks: true
[22:29:09] [Server thread/INFO]: Arrow Despawn Rate: 1200 Trident Respawn Rate:1200
[22:29:09] [Server thread/INFO]: Zombie Aggressive Towards Villager: true
[22:29:09] [Server thread/INFO]: Nerfing mobs spawned from spawners: false
[22:29:09] [Server thread/INFO]: Preparing start region for dimension 'world'/minecraft:overworld
[22:29:59] [Server thread/INFO]: Preparing spawn area: 0%
[22:29:59] [Server thread/INFO]: Preparing spawn area: 0%
[22:29:59] [Server thread/INFO]: Preparing spawn area: 0%
[22:29:59] [Server thread/INFO]: Preparing spawn area: 0%
[22:29:59] [Server thread/INFO]: Preparing spawn area: 0%
[22:29:59] [Server thread/INFO]: Preparing spawn area: 0%
[22:29:59] [Server thread/INFO]: Preparing spawn area: 0%
[22:29:59] [Server thread/INFO]: Preparing spawn area: 0%
[22:29:59] [Server thread/INFO]: Preparing spawn area: 0%
[22:29:59] [Server thread/INFO]: Preparing spawn area: 0%
[22:29:59] [Server thread/INFO]: Preparing spawn area: 0%
[22:29:59] [Server thread/INFO]: Preparing spawn area: 0%
[22:29:59] [Server thread/INFO]: Preparing spawn area: 0%
[22:29:59] [Server thread/INFO]: Preparing spawn area: 0%
[22:29:59] [Server thread/INFO]: Preparing spawn area: 0%
[22:29:59] [Server thread/INFO]: Preparing spawn area: 0%
[22:29:59] [Server thread/INFO]: Preparing spawn area: 0%
[22:29:59] [Server thread/INFO]: Preparing spawn area: 0%
[22:29:59] [Server thread/INFO]: Preparing spawn area: 0%
[22:29:59] [Server thread/INFO]: Preparing spawn area: 0%
[22:29:59] [Server thread/INFO]: Preparing spawn area: 0%
[22:29:59] [Server thread/INFO]: Preparing spawn area: 0%
[22:29:59] [Server thread/INFO]: Preparing spawn area: 0%
[22:29:59] [Server thread/INFO]: Preparing spawn area: 0%
[22:29:59] [Server thread/INFO]: Preparing spawn area: 0%
[22:29:59] [Server thread/INFO]: Preparing spawn area: 0%
[22:29:59] [Server thread/INFO]: Preparing spawn area: 0%
[22:29:59] [Server thread/INFO]: Preparing spawn area: 0%
[22:29:59] [Server thread/INFO]: Preparing spawn area: 0%
[22:29:59] [Server thread/INFO]: Preparing spawn area: 0%
[22:29:59] [Server thread/INFO]: Preparing spawn area: 0%
[22:29:59] [Server thread/INFO]: Preparing spawn area: 0%
[22:29:59] [Server thread/INFO]: Preparing spawn area: 0%
[22:29:59] [Server thread/INFO]: Preparing spawn area: 0%
[22:29:59] [Server thread/INFO]: Preparing spawn area: 0%
[22:29:59] [Server thread/INFO]: Preparing spawn area: 0%
[22:29:59] [Server thread/INFO]: Preparing spawn area: 0%
[22:29:59] [Server thread/INFO]: Preparing spawn area: 0%
[22:29:59] [Server thread/INFO]: Preparing spawn area: 0%
[22:29:59] [Server thread/INFO]: Preparing spawn area: 0%
[22:29:59] [Server thread/INFO]: Preparing spawn area: 0%
[22:29:59] [Server thread/INFO]: Preparing spawn area: 0%
[22:29:59] [Server thread/INFO]: Preparing spawn area: 0%
[22:29:59] [Server thread/INFO]: Preparing spawn area: 0%
[22:29:59] [Server thread/INFO]: Preparing spawn area: 0%
[22:29:59] [Server thread/INFO]: Preparing spawn area: 0%
[22:29:59] [Server thread/INFO]: Preparing spawn area: 0%
[22:29:59] [Server thread/INFO]: Preparing spawn area: 0%
[22:29:59] [Server thread/INFO]: Preparing spawn area: 0%
[22:29:59] [Server thread/INFO]: Preparing spawn area: 0%
[22:29:59] [Server thread/INFO]: Preparing spawn area: 0%
[22:29:59] [Server thread/INFO]: Preparing spawn area: 0%
[22:29:59] [Server thread/INFO]: Preparing spawn area: 0%
[22:29:59] [Server thread/INFO]: Preparing spawn area: 0%
[22:29:59] [Server thread/INFO]: Preparing spawn area: 0%
[22:29:59] [Server thread/INFO]: Preparing spawn area: 0%
[22:29:59] [Server thread/INFO]: Preparing spawn area: 0%
[22:29:59] [Server thread/INFO]: Preparing spawn area: 0%
[22:29:59] [Server thread/INFO]: Preparing spawn area: 0%
[22:29:59] [Server thread/INFO]: Preparing spawn area: 0%
[22:29:59] [Server thread/INFO]: Preparing spawn area: 0%
[22:29:59] [Server thread/INFO]: Preparing spawn area: 0%
[22:29:59] [Server thread/INFO]: Preparing spawn area: 0%
[22:29:59] [Server thread/INFO]: Preparing spawn area: 0%
[22:29:59] [Server thread/INFO]: Preparing spawn area: 0%
[22:29:59] [Server thread/INFO]: Preparing spawn area: 0%
[22:29:59] [Server thread/INFO]: Preparing spawn area: 0%
[22:29:59] [Server thread/INFO]: Preparing spawn area: 0%
[22:29:59] [Server thread/INFO]: Preparing spawn area: 0%
[22:29:59] [Server thread/INFO]: Preparing spawn area: 0%
[22:29:59] [Server thread/INFO]: Preparing spawn area: 0%
[22:29:59] [Server thread/INFO]: Preparing spawn area: 0%
[22:29:59] [Server thread/INFO]: Preparing spawn area: 0%
[22:29:59] [Server thread/INFO]: Preparing spawn area: 0%
[22:29:59] [Server thread/INFO]: Preparing spawn area: 0%
[22:29:59] [Server thread/INFO]: Preparing spawn area: 0%
[22:29:59] [Server thread/INFO]: Preparing spawn area: 0%
[22:29:59] [Server thread/INFO]: Preparing spawn area: 0%
[22:29:59] [Server thread/INFO]: Preparing spawn area: 0%
[22:29:59] [Server thread/INFO]: Preparing spawn area: 0%
[22:29:59] [Server thread/INFO]: Preparing spawn area: 0%
[22:29:59] [Server thread/INFO]: Preparing spawn area: 0%
[22:29:59] [Server thread/INFO]: Preparing spawn area: 0%
[22:29:59] [Server thread/INFO]: Preparing spawn area: 0%
[22:29:59] [Server thread/INFO]: Preparing spawn area: 0%
[22:29:59] [Server thread/INFO]: Preparing spawn area: 0%
[22:30:00] [Server thread/INFO]: Preparing spawn area: 0%
[22:30:00] [Server thread/INFO]: Preparing spawn area: 0%
[22:30:00] [Server thread/INFO]: Preparing spawn area: 0%
[22:30:00] [Server thread/INFO]: Preparing spawn area: 0%
[22:30:00] [Server thread/INFO]: Preparing spawn area: 0%
[22:30:00] [Server thread/INFO]: Preparing spawn area: 0%
[22:30:00] [Server thread/INFO]: Preparing spawn area: 0%
[22:30:00] [Server thread/INFO]: Preparing spawn area: 0%
[22:30:00] [Server thread/INFO]: Preparing spawn area: 0%
[22:30:00] [Server thread/INFO]: Preparing spawn area: 0%
[22:30:00] [Server thread/INFO]: Preparing spawn area: 0%
[22:30:00] [Server thread/INFO]: Preparing spawn area: 0%
[22:30:00] [Server thread/INFO]: Preparing spawn area: 0%
[22:30:00] [Server thread/INFO]: Preparing spawn area: 0%
[22:30:00] [Server thread/INFO]: Preparing spawn area: 0%
[22:30:07] [Server thread/INFO]: Preparing spawn area: 0%
[22:30:07] [Server thread/INFO]: Preparing spawn area: 0%
[22:30:07] [Server thread/INFO]: Preparing spawn area: 0%
[22:30:07] [Server thread/INFO]: Preparing spawn area: 0%
[22:30:07] [Server thread/INFO]: Preparing spawn area: 0%
[22:30:07] [Server thread/INFO]: Preparing spawn area: 0%
[22:30:07] [Server thread/INFO]: Preparing spawn area: 0%
[22:30:07] [Server thread/INFO]: Preparing spawn area: 0%
[22:30:07] [Server thread/INFO]: Preparing spawn area: 0%
[22:30:07] [Server thread/INFO]: Preparing spawn area: 0%
[22:30:07] [Server thread/INFO]: Preparing spawn area: 0%
[22:30:07] [Server thread/INFO]: Preparing spawn area: 0%
[22:30:07] [Server thread/INFO]: Preparing spawn area: 0%
[22:30:07] [Server thread/INFO]: Preparing spawn area: 0%
[22:30:07] [Server thread/INFO]: Preparing spawn area: 0%
[22:30:07] [Server thread/INFO]: Time elapsed: 58044 ms
[22:30:07] [Server thread/INFO]: Preparing start region for dimension 'world_nether'/minecraft:the_nether
[22:30:42] [Server thread/INFO]: Preparing spawn area: 0%
[22:30:42] [Server thread/INFO]: Preparing spawn area: 0%
[22:30:42] [Server thread/INFO]: Preparing spawn area: 0%
[22:30:42] [Server thread/INFO]: Preparing spawn area: 0%
[22:30:42] [Server thread/INFO]: Preparing spawn area: 0%
[22:30:42] [Server thread/INFO]: Preparing spawn area: 0%
[22:30:42] [Server thread/INFO]: Preparing spawn area: 0%
[22:30:42] [Server thread/INFO]: Preparing spawn area: 0%
[22:30:42] [Server thread/INFO]: Preparing spawn area: 0%
[22:30:42] [Server thread/INFO]: Preparing spawn area: 0%
[22:30:42] [Server thread/INFO]: Preparing spawn area: 0%
[22:30:42] [Server thread/INFO]: Preparing spawn area: 0%
[22:30:42] [Server thread/INFO]: Preparing spawn area: 0%
[22:30:42] [Server thread/INFO]: Preparing spawn area: 0%
[22:30:42] [Server thread/INFO]: Preparing spawn area: 0%
[22:30:42] [Server thread/INFO]: Preparing spawn area: 0%
[22:30:42] [Server thread/INFO]: Preparing spawn area: 0%
[22:30:42] [Server thread/INFO]: Preparing spawn area: 0%
[22:30:42] [Server thread/INFO]: Preparing spawn area: 0%
[22:30:42] [Server thread/INFO]: Preparing spawn area: 0%
[22:30:42] [Server thread/INFO]: Preparing spawn area: 0%
[22:30:42] [Server thread/INFO]: Preparing spawn area: 0%
[22:30:42] [Server thread/INFO]: Preparing spawn area: 0%
[22:30:42] [Server thread/INFO]: Preparing spawn area: 0%
[22:30:42] [Server thread/INFO]: Preparing spawn area: 0%
[22:30:42] [Server thread/INFO]: Preparing spawn area: 0%
[22:30:42] [Server thread/INFO]: Preparing spawn area: 0%
[22:30:42] [Server thread/INFO]: Preparing spawn area: 0%
[22:30:42] [Server thread/INFO]: Preparing spawn area: 0%
[22:30:42] [Server thread/INFO]: Preparing spawn area: 0%
[22:30:42] [Server thread/INFO]: Preparing spawn area: 0%
[22:30:42] [Server thread/INFO]: Preparing spawn area: 0%
[22:30:42] [Server thread/INFO]: Preparing spawn area: 0%
[22:30:42] [Server thread/INFO]: Preparing spawn area: 0%
[22:30:42] [Server thread/INFO]: Preparing spawn area: 0%
[22:30:42] [Server thread/INFO]: Preparing spawn area: 0%
[22:30:42] [Server thread/INFO]: Preparing spawn area: 0%
[22:30:42] [Server thread/INFO]: Preparing spawn area: 0%
[22:30:42] [Server thread/INFO]: Preparing spawn area: 0%
[22:30:42] [Server thread/INFO]: Preparing spawn area: 0%
[22:30:42] [Server thread/INFO]: Preparing spawn area: 0%
[22:30:42] [Server thread/INFO]: Preparing spawn area: 0%
[22:30:42] [Server thread/INFO]: Preparing spawn area: 0%
[22:30:42] [Server thread/INFO]: Preparing spawn area: 0%
[22:30:42] [Server thread/INFO]: Preparing spawn area: 0%
[22:30:42] [Server thread/INFO]: Preparing spawn area: 0%
[22:30:42] [Server thread/INFO]: Preparing spawn area: 0%
[22:30:42] [Server thread/INFO]: Preparing spawn area: 0%
[22:30:42] [Server thread/INFO]: Preparing spawn area: 0%
[22:30:42] [Server thread/INFO]: Preparing spawn area: 0%
[22:30:42] [Server thread/INFO]: Preparing spawn area: 0%
[22:30:42] [Server thread/INFO]: Preparing spawn area: 0%
[22:30:42] [Server thread/INFO]: Preparing spawn area: 0%
[22:30:42] [Server thread/INFO]: Preparing spawn area: 0%
[22:30:42] [Server thread/INFO]: Preparing spawn area: 0%
[22:30:42] [Server thread/INFO]: Preparing spawn area: 0%
[22:30:42] [Server thread/INFO]: Preparing spawn area: 0%
[22:30:42] [Server thread/INFO]: Preparing spawn area: 0%
[22:30:42] [Server thread/INFO]: Preparing spawn area: 0%
[22:30:42] [Server thread/INFO]: Preparing spawn area: 0%
[22:30:42] [Server thread/INFO]: Preparing spawn area: 0%
[22:30:42] [Server thread/INFO]: Preparing spawn area: 0%
[22:30:42] [Server thread/INFO]: Preparing spawn area: 0%
[22:30:42] [Server thread/INFO]: Preparing spawn area: 0%
[22:30:42] [Server thread/INFO]: Preparing spawn area: 0%
[22:30:42] [Server thread/INFO]: Preparing spawn area: 0%
[22:30:42] [Server thread/INFO]: Preparing spawn area: 0%
[22:30:42] [Server thread/INFO]: Preparing spawn area: 0%
[22:30:42] [Server thread/INFO]: Preparing spawn area: 0%
[22:30:42] [Server thread/INFO]: Preparing spawn area: 0%
[22:30:42] [Server thread/INFO]: Preparing spawn area: 0%
[22:30:45] [Server thread/INFO]: Preparing spawn area: 0%
[22:30:45] [Server thread/INFO]: Preparing spawn area: 0%
[22:30:46] [Server thread/INFO]: Preparing spawn area: 0%
[22:30:47] [Server thread/INFO]: Preparing spawn area: 0%
[22:30:51] [Server thread/INFO]: Preparing spawn area: 0%
[22:30:51] [Server thread/INFO]: Preparing spawn area: 0%
[22:30:53] [Server thread/INFO]: Preparing spawn area: 0%
[22:30:53] [Server thread/INFO]: Preparing spawn area: 0%
[22:30:53] [Server thread/INFO]: Preparing spawn area: 0%
[22:30:53] [Server thread/INFO]: Preparing spawn area: 0%
[22:30:53] [Server thread/INFO]: Preparing spawn area: 0%
[22:30:53] [Server thread/INFO]: Preparing spawn area: 0%
[22:30:53] [Server thread/INFO]: Preparing spawn area: 0%
[22:30:53] [Server thread/INFO]: Preparing spawn area: 0%
[22:30:53] [Server thread/INFO]: Preparing spawn area: 0%
[22:30:53] [Server thread/INFO]: Preparing spawn area: 0%
[22:30:53] [Server thread/INFO]: Preparing spawn area: 0%
[22:30:53] [Server thread/INFO]: Preparing spawn area: 0%
[22:30:53] [Server thread/INFO]: Preparing spawn area: 0%
[22:30:53] [Server thread/INFO]: Preparing spawn area: 0%
[22:30:53] [Server thread/INFO]: Preparing spawn area: 0%
[22:30:57] [Server thread/INFO]: Preparing spawn area: 83%
[22:30:57] [Server thread/INFO]: Preparing spawn area: 83%
[22:30:57] [Server thread/INFO]: Preparing spawn area: 83%
[22:30:57] [Server thread/INFO]: Preparing spawn area: 83%
[22:30:57] [Server thread/INFO]: Preparing spawn area: 83%
[22:30:57] [Server thread/INFO]: Preparing spawn area: 83%
[22:30:57] [Server thread/INFO]: Preparing spawn area: 83%
[22:30:57] [Server thread/INFO]: Preparing spawn area: 83%
[22:30:58] [Server thread/INFO]: Preparing spawn area: 83%
[22:30:58] [Server thread/INFO]: Preparing spawn area: 83%
[22:30:58] [Server thread/INFO]: Preparing spawn area: 83%
[22:30:59] [Server-Worker-3/INFO]: Preparing spawn area: 99%
[22:30:59] [Server thread/INFO]: Time elapsed: 51782 ms
[22:30:59] [Server thread/INFO]: Preparing start region for dimension 'world_the_end'/minecraft:the_end
[22:31:16] [Server thread/INFO]: Preparing spawn area: 0%
[22:31:16] [Server thread/INFO]: Preparing spawn area: 0%
[22:31:16] [Server thread/INFO]: Preparing spawn area: 0%
[22:31:16] [Server thread/INFO]: Preparing spawn area: 0%
[22:31:16] [Server thread/INFO]: Preparing spawn area: 0%
[22:31:16] [Server thread/INFO]: Preparing spawn area: 0%
[22:31:16] [Server thread/INFO]: Preparing spawn area: 0%
[22:31:16] [Server thread/INFO]: Preparing spawn area: 0%
[22:31:16] [Server thread/INFO]: Preparing spawn area: 0%
[22:31:16] [Server thread/INFO]: Preparing spawn area: 0%
[22:31:16] [Server thread/INFO]: Preparing spawn area: 0%
[22:31:16] [Server thread/INFO]: Preparing spawn area: 0%
[22:31:16] [Server thread/INFO]: Preparing spawn area: 0%
[22:31:16] [Server thread/INFO]: Preparing spawn area: 0%
[22:31:16] [Server thread/INFO]: Preparing spawn area: 0%
[22:31:16] [Server thread/INFO]: Preparing spawn area: 0%
[22:31:16] [Server thread/INFO]: Preparing spawn area: 0%
[22:31:16] [Server thread/INFO]: Preparing spawn area: 0%
[22:31:16] [Server thread/INFO]: Preparing spawn area: 0%
[22:31:16] [Server thread/INFO]: Preparing spawn area: 0%
[22:31:16] [Server thread/INFO]: Preparing spawn area: 0%
[22:31:16] [Server thread/INFO]: Preparing spawn area: 0%
[22:31:16] [Server thread/INFO]: Preparing spawn area: 0%
[22:31:16] [Server thread/INFO]: Preparing spawn area: 0%
[22:31:16] [Server thread/INFO]: Preparing spawn area: 0%
[22:31:16] [Server thread/INFO]: Preparing spawn area: 0%
[22:31:16] [Server thread/INFO]: Preparing spawn area: 0%
[22:31:16] [Server thread/INFO]: Preparing spawn area: 0%
[22:31:16] [Server thread/INFO]: Preparing spawn area: 0%
[22:31:16] [Server thread/INFO]: Preparing spawn area: 0%
[22:31:16] [Server thread/INFO]: Preparing spawn area: 0%
[22:31:16] [Server thread/INFO]: Preparing spawn area: 0%
[22:31:16] [Server thread/INFO]: Preparing spawn area: 0%
[22:31:16] [Server thread/INFO]: Preparing spawn area: 0%
[22:31:16] [Server thread/INFO]: Preparing spawn area: 0%
[22:31:17] [Server thread/INFO]: Preparing spawn area: 0%
[22:31:17] [Server thread/INFO]: Preparing spawn area: 0%
[22:31:18] [Server thread/INFO]: Preparing spawn area: 0%
[22:31:18] [Server thread/INFO]: Preparing spawn area: 0%
[22:31:19] [Server thread/INFO]: Preparing spawn area: 0%
[22:31:25] [Server thread/INFO]: Preparing spawn area: 83%
[22:31:25] [Server thread/INFO]: Preparing spawn area: 83%
[22:31:25] [Server thread/INFO]: Preparing spawn area: 83%
[22:31:25] [Server thread/INFO]: Preparing spawn area: 83%
[22:31:25] [Server thread/INFO]: Preparing spawn area: 83%
[22:31:25] [Server thread/INFO]: Preparing spawn area: 83%
[22:31:25] [Server thread/INFO]: Preparing spawn area: 83%
[22:31:25] [Server thread/INFO]: Preparing spawn area: 83%
[22:31:25] [Server thread/INFO]: Preparing spawn area: 83%
[22:31:25] [Server thread/INFO]: Preparing spawn area: 83%
[22:31:25] [Server thread/INFO]: Preparing spawn area: 83%
[22:31:25] [Server thread/INFO]: Preparing spawn area: 83%
[22:31:25] [Server thread/INFO]: Preparing spawn area: 83%
[22:31:26] [Server-Worker-1/INFO]: Preparing spawn area: 95%
[22:31:26] [Server thread/INFO]: Time elapsed: 26683 ms
[22:31:26] [Server thread/INFO]: [SuperLogin] Enabling SuperLogin v1.1
[22:31:26] [Server thread/INFO]: [LOGIN] Plugin started.
[22:31:26] [Server thread/INFO]: [LOGIN] SERVER SAFE NOW.
[22:31:26] [Server thread/INFO]: Server permissions file permissions.yml is empty, ignoring it
[22:31:26] [Server thread/INFO]: Done (141.967s)! For help, type "help"
[22:51:32] [User Authenticator #1/INFO]: UUID of player TIO_ROB is c26ea543-2e72-36c4-a8c0-e3ad765c135b
[22:51:33] [Server thread/INFO]: [LOGIN] IPData File does not exists
[22:51:33] [Server thread/INFO]: TIO_ROB[/189.51.217.121:54042] logged in with entity id 111 at ([world]-857.8525139449063, 160.0, 1619.0586141728218)
[22:52:01] [Server thread/INFO]: TIO_ROB issued server command: /login avantecoqueiro
[22:55:47] [Server thread/ERROR]: Could not pass event EntityDamageByEntityEvent to SuperLogin v1.1
org.bukkit.event.EventException: null
	at org.bukkit.plugin.java.JavaPluginLoader$1.execute(JavaPluginLoader.java:320) ~[server.jar:git-Spigot-800b93f-8160e29]
	at org.bukkit.plugin.RegisteredListener.callEvent(RegisteredListener.java:70) ~[server.jar:git-Spigot-800b93f-8160e29]
	at org.bukkit.plugin.SimplePluginManager.fireEvent(SimplePluginManager.java:529) ~[server.jar:git-Spigot-800b93f-8160e29]
	at org.bukkit.plugin.SimplePluginManager.callEvent(SimplePluginManager.java:514) ~[server.jar:git-Spigot-800b93f-8160e29]
	at org.bukkit.craftbukkit.v1_15_R1.event.CraftEventFactory.callEvent(CraftEventFactory.java:230) ~[server.jar:git-Spigot-800b93f-8160e29]
	at org.bukkit.craftbukkit.v1_15_R1.event.CraftEventFactory.callEntityDamageEvent(CraftEventFactory.java:923) ~[server.jar:git-Spigot-800b93f-8160e29]
	at org.bukkit.craftbukkit.v1_15_R1.event.CraftEventFactory.handleEntityDamageEvent(CraftEventFactory.java:810) ~[server.jar:git-Spigot-800b93f-8160e29]
	at org.bukkit.craftbukkit.v1_15_R1.event.CraftEventFactory.handleEntityDamageEvent(CraftEventFactory.java:766) ~[server.jar:git-Spigot-800b93f-8160e29]
	at org.bukkit.craftbukkit.v1_15_R1.event.CraftEventFactory.handleLivingEntityDamageEvent(CraftEventFactory.java:955) ~[server.jar:git-Spigot-800b93f-8160e29]
	at net.minecraft.server.v1_15_R1.EntityLiving.damageEntity0(EntityLiving.java:1624) ~[server.jar:git-Spigot-800b93f-8160e29]
	at net.minecraft.server.v1_15_R1.EntityLiving.damageEntity(EntityLiving.java:1028) ~[server.jar:git-Spigot-800b93f-8160e29]
	at net.minecraft.server.v1_15_R1.EntityHuman.attack(EntityHuman.java:1085) ~[server.jar:git-Spigot-800b93f-8160e29]
	at net.minecraft.server.v1_15_R1.EntityPlayer.attack(EntityPlayer.java:1545) ~[server.jar:git-Spigot-800b93f-8160e29]
	at net.minecraft.server.v1_15_R1.PlayerConnection.a(PlayerConnection.java:1878) ~[server.jar:git-Spigot-800b93f-8160e29]
	at net.minecraft.server.v1_15_R1.PacketPlayInUseEntity.a(SourceFile:68) ~[server.jar:git-Spigot-800b93f-8160e29]
	at net.minecraft.server.v1_15_R1.PacketPlayInUseEntity.a(SourceFile:13) ~[server.jar:git-Spigot-800b93f-8160e29]
	at net.minecraft.server.v1_15_R1.PlayerConnectionUtils.lambda$0(PlayerConnectionUtils.java:19) ~[server.jar:git-Spigot-800b93f-8160e29]
	at net.minecraft.server.v1_15_R1.TickTask.run(SourceFile:18) [server.jar:git-Spigot-800b93f-8160e29]
	at net.minecraft.server.v1_15_R1.IAsyncTaskHandler.executeTask(SourceFile:144) [server.jar:git-Spigot-800b93f-8160e29]
	at net.minecraft.server.v1_15_R1.IAsyncTaskHandlerReentrant.executeTask(SourceFile:23) [server.jar:git-Spigot-800b93f-8160e29]
	at net.minecraft.server.v1_15_R1.IAsyncTaskHandler.executeNext(SourceFile:118) [server.jar:git-Spigot-800b93f-8160e29]
	at net.minecraft.server.v1_15_R1.MinecraftServer.ba(MinecraftServer.java:918) [server.jar:git-Spigot-800b93f-8160e29]
	at net.minecraft.server.v1_15_R1.MinecraftServer.executeNext(MinecraftServer.java:911) [server.jar:git-Spigot-800b93f-8160e29]
	at net.minecraft.server.v1_15_R1.IAsyncTaskHandler.awaitTasks(SourceFile:127) [server.jar:git-Spigot-800b93f-8160e29]
	at net.minecraft.server.v1_15_R1.MinecraftServer.sleepForTick(MinecraftServer.java:895) [server.jar:git-Spigot-800b93f-8160e29]
	at net.minecraft.server.v1_15_R1.MinecraftServer.run(MinecraftServer.java:828) [server.jar:git-Spigot-800b93f-8160e29]
	at java.lang.Thread.run(Thread.java:748) [?:1.8.0_252]
Caused by: java.lang.ClassCastException: org.bukkit.craftbukkit.v1_15_R1.entity.CraftPhantom cannot be cast to org.bukkit.entity.Player
	at Crd.Code.Listeners.onDamage(Listeners.java:102) ~[?:?]
	at sun.reflect.NativeMethodAccessorImpl.invoke0(Native Method) ~[?:1.8.0_252]
	at sun.reflect.NativeMethodAccessorImpl.invoke(NativeMethodAccessorImpl.java:62) ~[?:1.8.0_252]
	at sun.reflect.DelegatingMethodAccessorImpl.invoke(DelegatingMethodAccessorImpl.java:43) ~[?:1.8.0_252]
	at java.lang.reflect.Method.invoke(Method.java:498) ~[?:1.8.0_252]
	at org.bukkit.plugin.java.JavaPluginLoader$1.execute(JavaPluginLoader.java:316) ~[server.jar:git-Spigot-800b93f-8160e29]
	... 26 more
[22:55:50] [Server thread/ERROR]: Could not pass event EntityDamageByEntityEvent to SuperLogin v1.1
org.bukkit.event.EventException: null
	at org.bukkit.plugin.java.JavaPluginLoader$1.execute(JavaPluginLoader.java:320) ~[server.jar:git-Spigot-800b93f-8160e29]
	at org.bukkit.plugin.RegisteredListener.callEvent(RegisteredListener.java:70) ~[server.jar:git-Spigot-800b93f-8160e29]
	at org.bukkit.plugin.SimplePluginManager.fireEvent(SimplePluginManager.java:529) ~[server.jar:git-Spigot-800b93f-8160e29]
	at org.bukkit.plugin.SimplePluginManager.callEvent(SimplePluginManager.java:514) ~[server.jar:git-Spigot-800b93f-8160e29]
	at org.bukkit.craftbukkit.v1_15_R1.event.CraftEventFactory.callEvent(CraftEventFactory.java:230) ~[server.jar:git-Spigot-800b93f-8160e29]
	at org.bukkit.craftbukkit.v1_15_R1.event.CraftEventFactory.callEntityDamageEvent(CraftEventFactory.java:923) ~[server.jar:git-Spigot-800b93f-8160e29]
	at org.bukkit.craftbukkit.v1_15_R1.event.CraftEventFactory.handleEntityDamageEvent(CraftEventFactory.java:810) ~[server.jar:git-Spigot-800b93f-8160e29]
	at org.bukkit.craftbukkit.v1_15_R1.event.CraftEventFactory.handleEntityDamageEvent(CraftEventFactory.java:766) ~[server.jar:git-Spigot-800b93f-8160e29]
	at org.bukkit.craftbukkit.v1_15_R1.event.CraftEventFactory.handleLivingEntityDamageEvent(CraftEventFactory.java:955) ~[server.jar:git-Spigot-800b93f-8160e29]
	at net.minecraft.server.v1_15_R1.EntityLiving.damageEntity0(EntityLiving.java:1624) ~[server.jar:git-Spigot-800b93f-8160e29]
	at net.minecraft.server.v1_15_R1.EntityLiving.damageEntity(EntityLiving.java:1028) ~[server.jar:git-Spigot-800b93f-8160e29]
	at net.minecraft.server.v1_15_R1.EntityHuman.attack(EntityHuman.java:1085) ~[server.jar:git-Spigot-800b93f-8160e29]
	at net.minecraft.server.v1_15_R1.EntityPlayer.attack(EntityPlayer.java:1545) ~[server.jar:git-Spigot-800b93f-8160e29]
	at net.minecraft.server.v1_15_R1.PlayerConnection.a(PlayerConnection.java:1878) ~[server.jar:git-Spigot-800b93f-8160e29]
	at net.minecraft.server.v1_15_R1.PacketPlayInUseEntity.a(SourceFile:68) ~[server.jar:git-Spigot-800b93f-8160e29]
	at net.minecraft.server.v1_15_R1.PacketPlayInUseEntity.a(SourceFile:13) ~[server.jar:git-Spigot-800b93f-8160e29]
	at net.minecraft.server.v1_15_R1.PlayerConnectionUtils.lambda$0(PlayerConnectionUtils.java:19) ~[server.jar:git-Spigot-800b93f-8160e29]
	at net.minecraft.server.v1_15_R1.TickTask.run(SourceFile:18) [server.jar:git-Spigot-800b93f-8160e29]
	at net.minecraft.server.v1_15_R1.IAsyncTaskHandler.executeTask(SourceFile:144) [server.jar:git-Spigot-800b93f-8160e29]
	at net.minecraft.server.v1_15_R1.IAsyncTaskHandlerReentrant.executeTask(SourceFile:23) [server.jar:git-Spigot-800b93f-8160e29]
	at net.minecraft.server.v1_15_R1.IAsyncTaskHandler.executeNext(SourceFile:118) [server.jar:git-Spigot-800b93f-8160e29]
	at net.minecraft.server.v1_15_R1.MinecraftServer.ba(MinecraftServer.java:918) [server.jar:git-Spigot-800b93f-8160e29]
	at net.minecraft.server.v1_15_R1.MinecraftServer.executeNext(MinecraftServer.java:911) [server.jar:git-Spigot-800b93f-8160e29]
	at net.minecraft.server.v1_15_R1.IAsyncTaskHandler.awaitTasks(SourceFile:127) [server.jar:git-Spigot-800b93f-8160e29]
	at net.minecraft.server.v1_15_R1.MinecraftServer.sleepForTick(MinecraftServer.java:895) [server.jar:git-Spigot-800b93f-8160e29]
	at net.minecraft.server.v1_15_R1.MinecraftServer.run(MinecraftServer.java:828) [server.jar:git-Spigot-800b93f-8160e29]
	at java.lang.Thread.run(Thread.java:748) [?:1.8.0_252]
Caused by: java.lang.ClassCastException: org.bukkit.craftbukkit.v1_15_R1.entity.CraftPhantom cannot be cast to org.bukkit.entity.Player
	at Crd.Code.Listeners.onDamage(Listeners.java:102) ~[?:?]
	at sun.reflect.NativeMethodAccessorImpl.invoke0(Native Method) ~[?:1.8.0_252]
	at sun.reflect.NativeMethodAccessorImpl.invoke(NativeMethodAccessorImpl.java:62) ~[?:1.8.0_252]
	at sun.reflect.DelegatingMethodAccessorImpl.invoke(DelegatingMethodAccessorImpl.java:43) ~[?:1.8.0_252]
	at java.lang.reflect.Method.invoke(Method.java:498) ~[?:1.8.0_252]
	at org.bukkit.plugin.java.JavaPluginLoader$1.execute(JavaPluginLoader.java:316) ~[server.jar:git-Spigot-800b93f-8160e29]
	... 26 more
[22:55:57] [Server thread/ERROR]: Could not pass event EntityDamageByEntityEvent to SuperLogin v1.1
org.bukkit.event.EventException: null
	at org.bukkit.plugin.java.JavaPluginLoader$1.execute(JavaPluginLoader.java:320) ~[server.jar:git-Spigot-800b93f-8160e29]
	at org.bukkit.plugin.RegisteredListener.callEvent(RegisteredListener.java:70) ~[server.jar:git-Spigot-800b93f-8160e29]
	at org.bukkit.plugin.SimplePluginManager.fireEvent(SimplePluginManager.java:529) ~[server.jar:git-Spigot-800b93f-8160e29]
	at org.bukkit.plugin.SimplePluginManager.callEvent(SimplePluginManager.java:514) ~[server.jar:git-Spigot-800b93f-8160e29]
	at org.bukkit.craftbukkit.v1_15_R1.event.CraftEventFactory.callEvent(CraftEventFactory.java:230) ~[server.jar:git-Spigot-800b93f-8160e29]
	at org.bukkit.craftbukkit.v1_15_R1.event.CraftEventFactory.callEntityDamageEvent(CraftEventFactory.java:923) ~[server.jar:git-Spigot-800b93f-8160e29]
	at org.bukkit.craftbukkit.v1_15_R1.event.CraftEventFactory.handleEntityDamageEvent(CraftEventFactory.java:810) ~[server.jar:git-Spigot-800b93f-8160e29]
	at org.bukkit.craftbukkit.v1_15_R1.event.CraftEventFactory.handleEntityDamageEvent(CraftEventFactory.java:766) ~[server.jar:git-Spigot-800b93f-8160e29]
	at org.bukkit.craftbukkit.v1_15_R1.event.CraftEventFactory.handleLivingEntityDamageEvent(CraftEventFactory.java:955) ~[server.jar:git-Spigot-800b93f-8160e29]
	at net.minecraft.server.v1_15_R1.EntityLiving.damageEntity0(EntityLiving.java:1624) ~[server.jar:git-Spigot-800b93f-8160e29]
	at net.minecraft.server.v1_15_R1.EntityLiving.damageEntity(EntityLiving.java:1028) ~[server.jar:git-Spigot-800b93f-8160e29]
	at net.minecraft.server.v1_15_R1.EntityHuman.attack(EntityHuman.java:1085) ~[server.jar:git-Spigot-800b93f-8160e29]
	at net.minecraft.server.v1_15_R1.EntityPlayer.attack(EntityPlayer.java:1545) ~[server.jar:git-Spigot-800b93f-8160e29]
	at net.minecraft.server.v1_15_R1.PlayerConnection.a(PlayerConnection.java:1878) ~[server.jar:git-Spigot-800b93f-8160e29]
	at net.minecraft.server.v1_15_R1.PacketPlayInUseEntity.a(SourceFile:68) ~[server.jar:git-Spigot-800b93f-8160e29]
	at net.minecraft.server.v1_15_R1.PacketPlayInUseEntity.a(SourceFile:13) ~[server.jar:git-Spigot-800b93f-8160e29]
	at net.minecraft.server.v1_15_R1.PlayerConnectionUtils.lambda$0(PlayerConnectionUtils.java:19) ~[server.jar:git-Spigot-800b93f-8160e29]
	at net.minecraft.server.v1_15_R1.TickTask.run(SourceFile:18) [server.jar:git-Spigot-800b93f-8160e29]
	at net.minecraft.server.v1_15_R1.IAsyncTaskHandler.executeTask(SourceFile:144) [server.jar:git-Spigot-800b93f-8160e29]
	at net.minecraft.server.v1_15_R1.IAsyncTaskHandlerReentrant.executeTask(SourceFile:23) [server.jar:git-Spigot-800b93f-8160e29]
	at net.minecraft.server.v1_15_R1.IAsyncTaskHandler.executeNext(SourceFile:118) [server.jar:git-Spigot-800b93f-8160e29]
	at net.minecraft.server.v1_15_R1.MinecraftServer.ba(MinecraftServer.java:918) [server.jar:git-Spigot-800b93f-8160e29]
	at net.minecraft.server.v1_15_R1.MinecraftServer.executeNext(MinecraftServer.java:911) [server.jar:git-Spigot-800b93f-8160e29]
	at net.minecraft.server.v1_15_R1.IAsyncTaskHandler.awaitTasks(SourceFile:127) [server.jar:git-Spigot-800b93f-8160e29]
	at net.minecraft.server.v1_15_R1.MinecraftServer.sleepForTick(MinecraftServer.java:895) [server.jar:git-Spigot-800b93f-8160e29]
	at net.minecraft.server.v1_15_R1.MinecraftServer.run(MinecraftServer.java:828) [server.jar:git-Spigot-800b93f-8160e29]
	at java.lang.Thread.run(Thread.java:748) [?:1.8.0_252]
Caused by: java.lang.ClassCastException: org.bukkit.craftbukkit.v1_15_R1.entity.CraftPhantom cannot be cast to org.bukkit.entity.Player
	at Crd.Code.Listeners.onDamage(Listeners.java:102) ~[?:?]
	at sun.reflect.NativeMethodAccessorImpl.invoke0(Native Method) ~[?:1.8.0_252]
	at sun.reflect.NativeMethodAccessorImpl.invoke(NativeMethodAccessorImpl.java:62) ~[?:1.8.0_252]
	at sun.reflect.DelegatingMethodAccessorImpl.invoke(DelegatingMethodAccessorImpl.java:43) ~[?:1.8.0_252]
	at java.lang.reflect.Method.invoke(Method.java:498) ~[?:1.8.0_252]
	at org.bukkit.plugin.java.JavaPluginLoader$1.execute(JavaPluginLoader.java:316) ~[server.jar:git-Spigot-800b93f-8160e29]
	... 26 more
[22:55:58] [Server thread/ERROR]: Could not pass event EntityDamageByEntityEvent to SuperLogin v1.1
org.bukkit.event.EventException: null
	at org.bukkit.plugin.java.JavaPluginLoader$1.execute(JavaPluginLoader.java:320) ~[server.jar:git-Spigot-800b93f-8160e29]
	at org.bukkit.plugin.RegisteredListener.callEvent(RegisteredListener.java:70) ~[server.jar:git-Spigot-800b93f-8160e29]
	at org.bukkit.plugin.SimplePluginManager.fireEvent(SimplePluginManager.java:529) ~[server.jar:git-Spigot-800b93f-8160e29]
	at org.bukkit.plugin.SimplePluginManager.callEvent(SimplePluginManager.java:514) ~[server.jar:git-Spigot-800b93f-8160e29]
	at org.bukkit.craftbukkit.v1_15_R1.event.CraftEventFactory.callEvent(CraftEventFactory.java:230) ~[server.jar:git-Spigot-800b93f-8160e29]
	at org.bukkit.craftbukkit.v1_15_R1.event.CraftEventFactory.callEntityDamageEvent(CraftEventFactory.java:923) ~[server.jar:git-Spigot-800b93f-8160e29]
	at org.bukkit.craftbukkit.v1_15_R1.event.CraftEventFactory.handleEntityDamageEvent(CraftEventFactory.java:810) ~[server.jar:git-Spigot-800b93f-8160e29]
	at org.bukkit.craftbukkit.v1_15_R1.event.CraftEventFactory.handleEntityDamageEvent(CraftEventFactory.java:766) ~[server.jar:git-Spigot-800b93f-8160e29]
	at org.bukkit.craftbukkit.v1_15_R1.event.CraftEventFactory.handleLivingEntityDamageEvent(CraftEventFactory.java:955) ~[server.jar:git-Spigot-800b93f-8160e29]
	at net.minecraft.server.v1_15_R1.EntityLiving.damageEntity0(EntityLiving.java:1624) ~[server.jar:git-Spigot-800b93f-8160e29]
	at net.minecraft.server.v1_15_R1.EntityLiving.damageEntity(EntityLiving.java:1028) ~[server.jar:git-Spigot-800b93f-8160e29]
	at net.minecraft.server.v1_15_R1.EntityHuman.attack(EntityHuman.java:1085) ~[server.jar:git-Spigot-800b93f-8160e29]
	at net.minecraft.server.v1_15_R1.EntityPlayer.attack(EntityPlayer.java:1545) ~[server.jar:git-Spigot-800b93f-8160e29]
	at net.minecraft.server.v1_15_R1.PlayerConnection.a(PlayerConnection.java:1878) ~[server.jar:git-Spigot-800b93f-8160e29]
	at net.minecraft.server.v1_15_R1.PacketPlayInUseEntity.a(SourceFile:68) ~[server.jar:git-Spigot-800b93f-8160e29]
	at net.minecraft.server.v1_15_R1.PacketPlayInUseEntity.a(SourceFile:13) ~[server.jar:git-Spigot-800b93f-8160e29]
	at net.minecraft.server.v1_15_R1.PlayerConnectionUtils.lambda$0(PlayerConnectionUtils.java:19) ~[server.jar:git-Spigot-800b93f-8160e29]
	at net.minecraft.server.v1_15_R1.TickTask.run(SourceFile:18) [server.jar:git-Spigot-800b93f-8160e29]
	at net.minecraft.server.v1_15_R1.IAsyncTaskHandler.executeTask(SourceFile:144) [server.jar:git-Spigot-800b93f-8160e29]
	at net.minecraft.server.v1_15_R1.IAsyncTaskHandlerReentrant.executeTask(SourceFile:23) [server.jar:git-Spigot-800b93f-8160e29]
	at net.minecraft.server.v1_15_R1.IAsyncTaskHandler.executeNext(SourceFile:118) [server.jar:git-Spigot-800b93f-8160e29]
	at net.minecraft.server.v1_15_R1.MinecraftServer.ba(MinecraftServer.java:918) [server.jar:git-Spigot-800b93f-8160e29]
	at net.minecraft.server.v1_15_R1.MinecraftServer.executeNext(MinecraftServer.java:911) [server.jar:git-Spigot-800b93f-8160e29]
	at net.minecraft.server.v1_15_R1.IAsyncTaskHandler.awaitTasks(SourceFile:127) [server.jar:git-Spigot-800b93f-8160e29]
	at net.minecraft.server.v1_15_R1.MinecraftServer.sleepForTick(MinecraftServer.java:895) [server.jar:git-Spigot-800b93f-8160e29]
	at net.minecraft.server.v1_15_R1.MinecraftServer.run(MinecraftServer.java:828) [server.jar:git-Spigot-800b93f-8160e29]
	at java.lang.Thread.run(Thread.java:748) [?:1.8.0_252]
Caused by: java.lang.ClassCastException: org.bukkit.craftbukkit.v1_15_R1.entity.CraftPhantom cannot be cast to org.bukkit.entity.Player
	at Crd.Code.Listeners.onDamage(Listeners.java:102) ~[?:?]
	at sun.reflect.NativeMethodAccessorImpl.invoke0(Native Method) ~[?:1.8.0_252]
	at sun.reflect.NativeMethodAccessorImpl.invoke(NativeMethodAccessorImpl.java:62) ~[?:1.8.0_252]
	at sun.reflect.DelegatingMethodAccessorImpl.invoke(DelegatingMethodAccessorImpl.java:43) ~[?:1.8.0_252]
	at java.lang.reflect.Method.invoke(Method.java:498) ~[?:1.8.0_252]
	at org.bukkit.plugin.java.JavaPluginLoader$1.execute(JavaPluginLoader.java:316) ~[server.jar:git-Spigot-800b93f-8160e29]
	... 26 more
[22:56:12] [Server thread/ERROR]: Could not pass event EntityDamageByEntityEvent to SuperLogin v1.1
org.bukkit.event.EventException: null
	at org.bukkit.plugin.java.JavaPluginLoader$1.execute(JavaPluginLoader.java:320) ~[server.jar:git-Spigot-800b93f-8160e29]
	at org.bukkit.plugin.RegisteredListener.callEvent(RegisteredListener.java:70) ~[server.jar:git-Spigot-800b93f-8160e29]
	at org.bukkit.plugin.SimplePluginManager.fireEvent(SimplePluginManager.java:529) ~[server.jar:git-Spigot-800b93f-8160e29]
	at org.bukkit.plugin.SimplePluginManager.callEvent(SimplePluginManager.java:514) ~[server.jar:git-Spigot-800b93f-8160e29]
	at org.bukkit.craftbukkit.v1_15_R1.event.CraftEventFactory.callEvent(CraftEventFactory.java:230) ~[server.jar:git-Spigot-800b93f-8160e29]
	at org.bukkit.craftbukkit.v1_15_R1.event.CraftEventFactory.callEntityDamageEvent(CraftEventFactory.java:923) ~[server.jar:git-Spigot-800b93f-8160e29]
	at org.bukkit.craftbukkit.v1_15_R1.event.CraftEventFactory.handleEntityDamageEvent(CraftEventFactory.java:810) ~[server.jar:git-Spigot-800b93f-8160e29]
	at org.bukkit.craftbukkit.v1_15_R1.event.CraftEventFactory.handleEntityDamageEvent(CraftEventFactory.java:766) ~[server.jar:git-Spigot-800b93f-8160e29]
	at org.bukkit.craftbukkit.v1_15_R1.event.CraftEventFactory.handleLivingEntityDamageEvent(CraftEventFactory.java:955) ~[server.jar:git-Spigot-800b93f-8160e29]
	at net.minecraft.server.v1_15_R1.EntityLiving.damageEntity0(EntityLiving.java:1624) ~[server.jar:git-Spigot-800b93f-8160e29]
	at net.minecraft.server.v1_15_R1.EntityLiving.damageEntity(EntityLiving.java:1028) ~[server.jar:git-Spigot-800b93f-8160e29]
	at net.minecraft.server.v1_15_R1.EntityHuman.attack(EntityHuman.java:1085) ~[server.jar:git-Spigot-800b93f-8160e29]
	at net.minecraft.server.v1_15_R1.EntityPlayer.attack(EntityPlayer.java:1545) ~[server.jar:git-Spigot-800b93f-8160e29]
	at net.minecraft.server.v1_15_R1.PlayerConnection.a(PlayerConnection.java:1878) ~[server.jar:git-Spigot-800b93f-8160e29]
	at net.minecraft.server.v1_15_R1.PacketPlayInUseEntity.a(SourceFile:68) ~[server.jar:git-Spigot-800b93f-8160e29]
	at net.minecraft.server.v1_15_R1.PacketPlayInUseEntity.a(SourceFile:13) ~[server.jar:git-Spigot-800b93f-8160e29]
	at net.minecraft.server.v1_15_R1.PlayerConnectionUtils.lambda$0(PlayerConnectionUtils.java:19) ~[server.jar:git-Spigot-800b93f-8160e29]
	at net.minecraft.server.v1_15_R1.TickTask.run(SourceFile:18) [server.jar:git-Spigot-800b93f-8160e29]
	at net.minecraft.server.v1_15_R1.IAsyncTaskHandler.executeTask(SourceFile:144) [server.jar:git-Spigot-800b93f-8160e29]
	at net.minecraft.server.v1_15_R1.IAsyncTaskHandlerReentrant.executeTask(SourceFile:23) [server.jar:git-Spigot-800b93f-8160e29]
	at net.minecraft.server.v1_15_R1.IAsyncTaskHandler.executeNext(SourceFile:118) [server.jar:git-Spigot-800b93f-8160e29]
	at net.minecraft.server.v1_15_R1.MinecraftServer.ba(MinecraftServer.java:918) [server.jar:git-Spigot-800b93f-8160e29]
	at net.minecraft.server.v1_15_R1.MinecraftServer.executeNext(MinecraftServer.java:911) [server.jar:git-Spigot-800b93f-8160e29]
	at net.minecraft.server.v1_15_R1.IAsyncTaskHandler.awaitTasks(SourceFile:127) [server.jar:git-Spigot-800b93f-8160e29]
	at net.minecraft.server.v1_15_R1.MinecraftServer.sleepForTick(MinecraftServer.java:895) [server.jar:git-Spigot-800b93f-8160e29]
	at net.minecraft.server.v1_15_R1.MinecraftServer.run(MinecraftServer.java:828) [server.jar:git-Spigot-800b93f-8160e29]
	at java.lang.Thread.run(Thread.java:748) [?:1.8.0_252]
Caused by: java.lang.ClassCastException: org.bukkit.craftbukkit.v1_15_R1.entity.CraftPhantom cannot be cast to org.bukkit.entity.Player
	at Crd.Code.Listeners.onDamage(Listeners.java:102) ~[?:?]
	at sun.reflect.NativeMethodAccessorImpl.invoke0(Native Method) ~[?:1.8.0_252]
	at sun.reflect.NativeMethodAccessorImpl.invoke(NativeMethodAccessorImpl.java:62) ~[?:1.8.0_252]
	at sun.reflect.DelegatingMethodAccessorImpl.invoke(DelegatingMethodAccessorImpl.java:43) ~[?:1.8.0_252]
	at java.lang.reflect.Method.invoke(Method.java:498) ~[?:1.8.0_252]
	at org.bukkit.plugin.java.JavaPluginLoader$1.execute(JavaPluginLoader.java:316) ~[server.jar:git-Spigot-800b93f-8160e29]
	... 26 more
[22:56:14] [Server thread/ERROR]: Could not pass event EntityDamageByEntityEvent to SuperLogin v1.1
org.bukkit.event.EventException: null
	at org.bukkit.plugin.java.JavaPluginLoader$1.execute(JavaPluginLoader.java:320) ~[server.jar:git-Spigot-800b93f-8160e29]
	at org.bukkit.plugin.RegisteredListener.callEvent(RegisteredListener.java:70) ~[server.jar:git-Spigot-800b93f-8160e29]
	at org.bukkit.plugin.SimplePluginManager.fireEvent(SimplePluginManager.java:529) ~[server.jar:git-Spigot-800b93f-8160e29]
	at org.bukkit.plugin.SimplePluginManager.callEvent(SimplePluginManager.java:514) ~[server.jar:git-Spigot-800b93f-8160e29]
	at org.bukkit.craftbukkit.v1_15_R1.event.CraftEventFactory.callEvent(CraftEventFactory.java:230) ~[server.jar:git-Spigot-800b93f-8160e29]
	at org.bukkit.craftbukkit.v1_15_R1.event.CraftEventFactory.callEntityDamageEvent(CraftEventFactory.java:923) ~[server.jar:git-Spigot-800b93f-8160e29]
	at org.bukkit.craftbukkit.v1_15_R1.event.CraftEventFactory.handleEntityDamageEvent(CraftEventFactory.java:810) ~[server.jar:git-Spigot-800b93f-8160e29]
	at org.bukkit.craftbukkit.v1_15_R1.event.CraftEventFactory.handleEntityDamageEvent(CraftEventFactory.java:766) ~[server.jar:git-Spigot-800b93f-8160e29]
	at org.bukkit.craftbukkit.v1_15_R1.event.CraftEventFactory.handleLivingEntityDamageEvent(CraftEventFactory.java:955) ~[server.jar:git-Spigot-800b93f-8160e29]
	at net.minecraft.server.v1_15_R1.EntityLiving.damageEntity0(EntityLiving.java:1624) ~[server.jar:git-Spigot-800b93f-8160e29]
	at net.minecraft.server.v1_15_R1.EntityLiving.damageEntity(EntityLiving.java:1028) ~[server.jar:git-Spigot-800b93f-8160e29]
	at net.minecraft.server.v1_15_R1.EntityHuman.attack(EntityHuman.java:1085) ~[server.jar:git-Spigot-800b93f-8160e29]
	at net.minecraft.server.v1_15_R1.EntityPlayer.attack(EntityPlayer.java:1545) ~[server.jar:git-Spigot-800b93f-8160e29]
	at net.minecraft.server.v1_15_R1.PlayerConnection.a(PlayerConnection.java:1878) ~[server.jar:git-Spigot-800b93f-8160e29]
	at net.minecraft.server.v1_15_R1.PacketPlayInUseEntity.a(SourceFile:68) ~[server.jar:git-Spigot-800b93f-8160e29]
	at net.minecraft.server.v1_15_R1.PacketPlayInUseEntity.a(SourceFile:13) ~[server.jar:git-Spigot-800b93f-8160e29]
	at net.minecraft.server.v1_15_R1.PlayerConnectionUtils.lambda$0(PlayerConnectionUtils.java:19) ~[server.jar:git-Spigot-800b93f-8160e29]
	at net.minecraft.server.v1_15_R1.TickTask.run(SourceFile:18) [server.jar:git-Spigot-800b93f-8160e29]
	at net.minecraft.server.v1_15_R1.IAsyncTaskHandler.executeTask(SourceFile:144) [server.jar:git-Spigot-800b93f-8160e29]
	at net.minecraft.server.v1_15_R1.IAsyncTaskHandlerReentrant.executeTask(SourceFile:23) [server.jar:git-Spigot-800b93f-8160e29]
	at net.minecraft.server.v1_15_R1.IAsyncTaskHandler.executeNext(SourceFile:118) [server.jar:git-Spigot-800b93f-8160e29]
	at net.minecraft.server.v1_15_R1.MinecraftServer.ba(MinecraftServer.java:918) [server.jar:git-Spigot-800b93f-8160e29]
	at net.minecraft.server.v1_15_R1.MinecraftServer.executeNext(MinecraftServer.java:911) [server.jar:git-Spigot-800b93f-8160e29]
	at net.minecraft.server.v1_15_R1.IAsyncTaskHandler.awaitTasks(SourceFile:127) [server.jar:git-Spigot-800b93f-8160e29]
	at net.minecraft.server.v1_15_R1.MinecraftServer.sleepForTick(MinecraftServer.java:895) [server.jar:git-Spigot-800b93f-8160e29]
	at net.minecraft.server.v1_15_R1.MinecraftServer.run(MinecraftServer.java:828) [server.jar:git-Spigot-800b93f-8160e29]
	at java.lang.Thread.run(Thread.java:748) [?:1.8.0_252]
Caused by: java.lang.ClassCastException: org.bukkit.craftbukkit.v1_15_R1.entity.CraftPhantom cannot be cast to org.bukkit.entity.Player
	at Crd.Code.Listeners.onDamage(Listeners.java:102) ~[?:?]
	at sun.reflect.NativeMethodAccessorImpl.invoke0(Native Method) ~[?:1.8.0_252]
	at sun.reflect.NativeMethodAccessorImpl.invoke(NativeMethodAccessorImpl.java:62) ~[?:1.8.0_252]
	at sun.reflect.DelegatingMethodAccessorImpl.invoke(DelegatingMethodAccessorImpl.java:43) ~[?:1.8.0_252]
	at java.lang.reflect.Method.invoke(Method.java:498) ~[?:1.8.0_252]
	at org.bukkit.plugin.java.JavaPluginLoader$1.execute(JavaPluginLoader.java:316) ~[server.jar:git-Spigot-800b93f-8160e29]
	... 26 more
[22:56:32] [Server thread/ERROR]: Could not pass event EntityDamageByEntityEvent to SuperLogin v1.1
org.bukkit.event.EventException: null
	at org.bukkit.plugin.java.JavaPluginLoader$1.execute(JavaPluginLoader.java:320) ~[server.jar:git-Spigot-800b93f-8160e29]
	at org.bukkit.plugin.RegisteredListener.callEvent(RegisteredListener.java:70) ~[server.jar:git-Spigot-800b93f-8160e29]
	at org.bukkit.plugin.SimplePluginManager.fireEvent(SimplePluginManager.java:529) ~[server.jar:git-Spigot-800b93f-8160e29]
	at org.bukkit.plugin.SimplePluginManager.callEvent(SimplePluginManager.java:514) ~[server.jar:git-Spigot-800b93f-8160e29]
	at org.bukkit.craftbukkit.v1_15_R1.event.CraftEventFactory.callEvent(CraftEventFactory.java:230) ~[server.jar:git-Spigot-800b93f-8160e29]
	at org.bukkit.craftbukkit.v1_15_R1.event.CraftEventFactory.callEntityDamageEvent(CraftEventFactory.java:923) ~[server.jar:git-Spigot-800b93f-8160e29]
	at org.bukkit.craftbukkit.v1_15_R1.event.CraftEventFactory.handleEntityDamageEvent(CraftEventFactory.java:810) ~[server.jar:git-Spigot-800b93f-8160e29]
	at org.bukkit.craftbukkit.v1_15_R1.event.CraftEventFactory.handleEntityDamageEvent(CraftEventFactory.java:766) ~[server.jar:git-Spigot-800b93f-8160e29]
	at org.bukkit.craftbukkit.v1_15_R1.event.CraftEventFactory.handleLivingEntityDamageEvent(CraftEventFactory.java:955) ~[server.jar:git-Spigot-800b93f-8160e29]
	at net.minecraft.server.v1_15_R1.EntityLiving.damageEntity0(EntityLiving.java:1624) ~[server.jar:git-Spigot-800b93f-8160e29]
	at net.minecraft.server.v1_15_R1.EntityLiving.damageEntity(EntityLiving.java:1028) ~[server.jar:git-Spigot-800b93f-8160e29]
	at net.minecraft.server.v1_15_R1.EntityHuman.attack(EntityHuman.java:1085) ~[server.jar:git-Spigot-800b93f-8160e29]
	at net.minecraft.server.v1_15_R1.EntityPlayer.attack(EntityPlayer.java:1545) ~[server.jar:git-Spigot-800b93f-8160e29]
	at net.minecraft.server.v1_15_R1.PlayerConnection.a(PlayerConnection.java:1878) ~[server.jar:git-Spigot-800b93f-8160e29]
	at net.minecraft.server.v1_15_R1.PacketPlayInUseEntity.a(SourceFile:68) ~[server.jar:git-Spigot-800b93f-8160e29]
	at net.minecraft.server.v1_15_R1.PacketPlayInUseEntity.a(SourceFile:13) ~[server.jar:git-Spigot-800b93f-8160e29]
	at net.minecraft.server.v1_15_R1.PlayerConnectionUtils.lambda$0(PlayerConnectionUtils.java:19) ~[server.jar:git-Spigot-800b93f-8160e29]
	at net.minecraft.server.v1_15_R1.TickTask.run(SourceFile:18) [server.jar:git-Spigot-800b93f-8160e29]
	at net.minecraft.server.v1_15_R1.IAsyncTaskHandler.executeTask(SourceFile:144) [server.jar:git-Spigot-800b93f-8160e29]
	at net.minecraft.server.v1_15_R1.IAsyncTaskHandlerReentrant.executeTask(SourceFile:23) [server.jar:git-Spigot-800b93f-8160e29]
	at net.minecraft.server.v1_15_R1.IAsyncTaskHandler.executeNext(SourceFile:118) [server.jar:git-Spigot-800b93f-8160e29]
	at net.minecraft.server.v1_15_R1.MinecraftServer.ba(MinecraftServer.java:918) [server.jar:git-Spigot-800b93f-8160e29]
	at net.minecraft.server.v1_15_R1.MinecraftServer.executeNext(MinecraftServer.java:911) [server.jar:git-Spigot-800b93f-8160e29]
	at net.minecraft.server.v1_15_R1.IAsyncTaskHandler.awaitTasks(SourceFile:127) [server.jar:git-Spigot-800b93f-8160e29]
	at net.minecraft.server.v1_15_R1.MinecraftServer.sleepForTick(MinecraftServer.java:895) [server.jar:git-Spigot-800b93f-8160e29]
	at net.minecraft.server.v1_15_R1.MinecraftServer.run(MinecraftServer.java:828) [server.jar:git-Spigot-800b93f-8160e29]
	at java.lang.Thread.run(Thread.java:748) [?:1.8.0_252]
Caused by: java.lang.ClassCastException: org.bukkit.craftbukkit.v1_15_R1.entity.CraftPhantom cannot be cast to org.bukkit.entity.Player
	at Crd.Code.Listeners.onDamage(Listeners.java:102) ~[?:?]
	at sun.reflect.NativeMethodAccessorImpl.invoke0(Native Method) ~[?:1.8.0_252]
	at sun.reflect.NativeMethodAccessorImpl.invoke(NativeMethodAccessorImpl.java:62) ~[?:1.8.0_252]
	at sun.reflect.DelegatingMethodAccessorImpl.invoke(DelegatingMethodAccessorImpl.java:43) ~[?:1.8.0_252]
	at java.lang.reflect.Method.invoke(Method.java:498) ~[?:1.8.0_252]
	at org.bukkit.plugin.java.JavaPluginLoader$1.execute(JavaPluginLoader.java:316) ~[server.jar:git-Spigot-800b93f-8160e29]
	... 26 more
[22:58:06] [Server thread/ERROR]: Could not pass event EntityDamageByEntityEvent to SuperLogin v1.1
org.bukkit.event.EventException: null
	at org.bukkit.plugin.java.JavaPluginLoader$1.execute(JavaPluginLoader.java:320) ~[server.jar:git-Spigot-800b93f-8160e29]
	at org.bukkit.plugin.RegisteredListener.callEvent(RegisteredListener.java:70) ~[server.jar:git-Spigot-800b93f-8160e29]
	at org.bukkit.plugin.SimplePluginManager.fireEvent(SimplePluginManager.java:529) ~[server.jar:git-Spigot-800b93f-8160e29]
	at org.bukkit.plugin.SimplePluginManager.callEvent(SimplePluginManager.java:514) ~[server.jar:git-Spigot-800b93f-8160e29]
	at org.bukkit.craftbukkit.v1_15_R1.event.CraftEventFactory.callEvent(CraftEventFactory.java:230) ~[server.jar:git-Spigot-800b93f-8160e29]
	at org.bukkit.craftbukkit.v1_15_R1.event.CraftEventFactory.callEntityDamageEvent(CraftEventFactory.java:923) ~[server.jar:git-Spigot-800b93f-8160e29]
	at org.bukkit.craftbukkit.v1_15_R1.event.CraftEventFactory.handleEntityDamageEvent(CraftEventFactory.java:810) ~[server.jar:git-Spigot-800b93f-8160e29]
	at org.bukkit.craftbukkit.v1_15_R1.event.CraftEventFactory.handleEntityDamageEvent(CraftEventFactory.java:766) ~[server.jar:git-Spigot-800b93f-8160e29]
	at org.bukkit.craftbukkit.v1_15_R1.event.CraftEventFactory.handleLivingEntityDamageEvent(CraftEventFactory.java:955) ~[server.jar:git-Spigot-800b93f-8160e29]
	at net.minecraft.server.v1_15_R1.EntityLiving.damageEntity0(EntityLiving.java:1624) ~[server.jar:git-Spigot-800b93f-8160e29]
	at net.minecraft.server.v1_15_R1.EntityLiving.damageEntity(EntityLiving.java:1028) ~[server.jar:git-Spigot-800b93f-8160e29]
	at net.minecraft.server.v1_15_R1.EntityHuman.attack(EntityHuman.java:1085) ~[server.jar:git-Spigot-800b93f-8160e29]
	at net.minecraft.server.v1_15_R1.EntityPlayer.attack(EntityPlayer.java:1545) ~[server.jar:git-Spigot-800b93f-8160e29]
	at net.minecraft.server.v1_15_R1.PlayerConnection.a(PlayerConnection.java:1878) ~[server.jar:git-Spigot-800b93f-8160e29]
	at net.minecraft.server.v1_15_R1.PacketPlayInUseEntity.a(SourceFile:68) ~[server.jar:git-Spigot-800b93f-8160e29]
	at net.minecraft.server.v1_15_R1.PacketPlayInUseEntity.a(SourceFile:13) ~[server.jar:git-Spigot-800b93f-8160e29]
	at net.minecraft.server.v1_15_R1.PlayerConnectionUtils.lambda$0(PlayerConnectionUtils.java:19) ~[server.jar:git-Spigot-800b93f-8160e29]
	at net.minecraft.server.v1_15_R1.TickTask.run(SourceFile:18) [server.jar:git-Spigot-800b93f-8160e29]
	at net.minecraft.server.v1_15_R1.IAsyncTaskHandler.executeTask(SourceFile:144) [server.jar:git-Spigot-800b93f-8160e29]
	at net.minecraft.server.v1_15_R1.IAsyncTaskHandlerReentrant.executeTask(SourceFile:23) [server.jar:git-Spigot-800b93f-8160e29]
	at net.minecraft.server.v1_15_R1.IAsyncTaskHandler.executeNext(SourceFile:118) [server.jar:git-Spigot-800b93f-8160e29]
	at net.minecraft.server.v1_15_R1.MinecraftServer.ba(MinecraftServer.java:918) [server.jar:git-Spigot-800b93f-8160e29]
	at net.minecraft.server.v1_15_R1.MinecraftServer.executeNext(MinecraftServer.java:911) [server.jar:git-Spigot-800b93f-8160e29]
	at net.minecraft.server.v1_15_R1.IAsyncTaskHandler.awaitTasks(SourceFile:127) [server.jar:git-Spigot-800b93f-8160e29]
	at net.minecraft.server.v1_15_R1.MinecraftServer.sleepForTick(MinecraftServer.java:895) [server.jar:git-Spigot-800b93f-8160e29]
	at net.minecraft.server.v1_15_R1.MinecraftServer.run(MinecraftServer.java:828) [server.jar:git-Spigot-800b93f-8160e29]
	at java.lang.Thread.run(Thread.java:748) [?:1.8.0_252]
Caused by: java.lang.ClassCastException: org.bukkit.craftbukkit.v1_15_R1.entity.CraftPhantom cannot be cast to org.bukkit.entity.Player
	at Crd.Code.Listeners.onDamage(Listeners.java:102) ~[?:?]
	at sun.reflect.GeneratedMethodAccessor6.invoke(Unknown Source) ~[?:?]
	at sun.reflect.DelegatingMethodAccessorImpl.invoke(DelegatingMethodAccessorImpl.java:43) ~[?:1.8.0_252]
	at java.lang.reflect.Method.invoke(Method.java:498) ~[?:1.8.0_252]
	at org.bukkit.plugin.java.JavaPluginLoader$1.execute(JavaPluginLoader.java:316) ~[server.jar:git-Spigot-800b93f-8160e29]
	... 26 more
[22:58:07] [Server thread/ERROR]: Could not pass event EntityDamageByEntityEvent to SuperLogin v1.1
org.bukkit.event.EventException: null
	at org.bukkit.plugin.java.JavaPluginLoader$1.execute(JavaPluginLoader.java:320) ~[server.jar:git-Spigot-800b93f-8160e29]
	at org.bukkit.plugin.RegisteredListener.callEvent(RegisteredListener.java:70) ~[server.jar:git-Spigot-800b93f-8160e29]
	at org.bukkit.plugin.SimplePluginManager.fireEvent(SimplePluginManager.java:529) ~[server.jar:git-Spigot-800b93f-8160e29]
	at org.bukkit.plugin.SimplePluginManager.callEvent(SimplePluginManager.java:514) ~[server.jar:git-Spigot-800b93f-8160e29]
	at org.bukkit.craftbukkit.v1_15_R1.event.CraftEventFactory.callEvent(CraftEventFactory.java:230) ~[server.jar:git-Spigot-800b93f-8160e29]
	at org.bukkit.craftbukkit.v1_15_R1.event.CraftEventFactory.callEntityDamageEvent(CraftEventFactory.java:923) ~[server.jar:git-Spigot-800b93f-8160e29]
	at org.bukkit.craftbukkit.v1_15_R1.event.CraftEventFactory.handleEntityDamageEvent(CraftEventFactory.java:810) ~[server.jar:git-Spigot-800b93f-8160e29]
	at org.bukkit.craftbukkit.v1_15_R1.event.CraftEventFactory.handleEntityDamageEvent(CraftEventFactory.java:766) ~[server.jar:git-Spigot-800b93f-8160e29]
	at org.bukkit.craftbukkit.v1_15_R1.event.CraftEventFactory.handleLivingEntityDamageEvent(CraftEventFactory.java:955) ~[server.jar:git-Spigot-800b93f-8160e29]
	at net.minecraft.server.v1_15_R1.EntityLiving.damageEntity0(EntityLiving.java:1624) ~[server.jar:git-Spigot-800b93f-8160e29]
	at net.minecraft.server.v1_15_R1.EntityLiving.damageEntity(EntityLiving.java:1028) ~[server.jar:git-Spigot-800b93f-8160e29]
	at net.minecraft.server.v1_15_R1.EntityHuman.attack(EntityHuman.java:1085) ~[server.jar:git-Spigot-800b93f-8160e29]
	at net.minecraft.server.v1_15_R1.EntityPlayer.attack(EntityPlayer.java:1545) ~[server.jar:git-Spigot-800b93f-8160e29]
	at net.minecraft.server.v1_15_R1.PlayerConnection.a(PlayerConnection.java:1878) ~[server.jar:git-Spigot-800b93f-8160e29]
	at net.minecraft.server.v1_15_R1.PacketPlayInUseEntity.a(SourceFile:68) ~[server.jar:git-Spigot-800b93f-8160e29]
	at net.minecraft.server.v1_15_R1.PacketPlayInUseEntity.a(SourceFile:13) ~[server.jar:git-Spigot-800b93f-8160e29]
	at net.minecraft.server.v1_15_R1.PlayerConnectionUtils.lambda$0(PlayerConnectionUtils.java:19) ~[server.jar:git-Spigot-800b93f-8160e29]
	at net.minecraft.server.v1_15_R1.TickTask.run(SourceFile:18) [server.jar:git-Spigot-800b93f-8160e29]
	at net.minecraft.server.v1_15_R1.IAsyncTaskHandler.executeTask(SourceFile:144) [server.jar:git-Spigot-800b93f-8160e29]
	at net.minecraft.server.v1_15_R1.IAsyncTaskHandlerReentrant.executeTask(SourceFile:23) [server.jar:git-Spigot-800b93f-8160e29]
	at net.minecraft.server.v1_15_R1.IAsyncTaskHandler.executeNext(SourceFile:118) [server.jar:git-Spigot-800b93f-8160e29]
	at net.minecraft.server.v1_15_R1.MinecraftServer.ba(MinecraftServer.java:918) [server.jar:git-Spigot-800b93f-8160e29]
	at net.minecraft.server.v1_15_R1.MinecraftServer.executeNext(MinecraftServer.java:911) [server.jar:git-Spigot-800b93f-8160e29]
	at net.minecraft.server.v1_15_R1.IAsyncTaskHandler.awaitTasks(SourceFile:127) [server.jar:git-Spigot-800b93f-8160e29]
	at net.minecraft.server.v1_15_R1.MinecraftServer.sleepForTick(MinecraftServer.java:895) [server.jar:git-Spigot-800b93f-8160e29]
	at net.minecraft.server.v1_15_R1.MinecraftServer.run(MinecraftServer.java:828) [server.jar:git-Spigot-800b93f-8160e29]
	at java.lang.Thread.run(Thread.java:748) [?:1.8.0_252]
Caused by: java.lang.ClassCastException: org.bukkit.craftbukkit.v1_15_R1.entity.CraftPhantom cannot be cast to org.bukkit.entity.Player
	at Crd.Code.Listeners.onDamage(Listeners.java:102) ~[?:?]
	at sun.reflect.GeneratedMethodAccessor6.invoke(Unknown Source) ~[?:?]
	at sun.reflect.DelegatingMethodAccessorImpl.invoke(DelegatingMethodAccessorImpl.java:43) ~[?:1.8.0_252]
	at java.lang.reflect.Method.invoke(Method.java:498) ~[?:1.8.0_252]
	at org.bukkit.plugin.java.JavaPluginLoader$1.execute(JavaPluginLoader.java:316) ~[server.jar:git-Spigot-800b93f-8160e29]
	... 26 more
[22:58:08] [Server thread/ERROR]: Could not pass event EntityDamageByEntityEvent to SuperLogin v1.1
org.bukkit.event.EventException: null
	at org.bukkit.plugin.java.JavaPluginLoader$1.execute(JavaPluginLoader.java:320) ~[server.jar:git-Spigot-800b93f-8160e29]
	at org.bukkit.plugin.RegisteredListener.callEvent(RegisteredListener.java:70) ~[server.jar:git-Spigot-800b93f-8160e29]
	at org.bukkit.plugin.SimplePluginManager.fireEvent(SimplePluginManager.java:529) ~[server.jar:git-Spigot-800b93f-8160e29]
	at org.bukkit.plugin.SimplePluginManager.callEvent(SimplePluginManager.java:514) ~[server.jar:git-Spigot-800b93f-8160e29]
	at org.bukkit.craftbukkit.v1_15_R1.event.CraftEventFactory.callEvent(CraftEventFactory.java:230) ~[server.jar:git-Spigot-800b93f-8160e29]
	at org.bukkit.craftbukkit.v1_15_R1.event.CraftEventFactory.callEntityDamageEvent(CraftEventFactory.java:923) ~[server.jar:git-Spigot-800b93f-8160e29]
	at org.bukkit.craftbukkit.v1_15_R1.event.CraftEventFactory.handleEntityDamageEvent(CraftEventFactory.java:810) ~[server.jar:git-Spigot-800b93f-8160e29]
	at org.bukkit.craftbukkit.v1_15_R1.event.CraftEventFactory.handleEntityDamageEvent(CraftEventFactory.java:766) ~[server.jar:git-Spigot-800b93f-8160e29]
	at org.bukkit.craftbukkit.v1_15_R1.event.CraftEventFactory.handleLivingEntityDamageEvent(CraftEventFactory.java:955) ~[server.jar:git-Spigot-800b93f-8160e29]
	at net.minecraft.server.v1_15_R1.EntityLiving.damageEntity0(EntityLiving.java:1624) ~[server.jar:git-Spigot-800b93f-8160e29]
	at net.minecraft.server.v1_15_R1.EntityLiving.damageEntity(EntityLiving.java:1028) ~[server.jar:git-Spigot-800b93f-8160e29]
	at net.minecraft.server.v1_15_R1.EntityHuman.attack(EntityHuman.java:1085) ~[server.jar:git-Spigot-800b93f-8160e29]
	at net.minecraft.server.v1_15_R1.EntityPlayer.attack(EntityPlayer.java:1545) ~[server.jar:git-Spigot-800b93f-8160e29]
	at net.minecraft.server.v1_15_R1.PlayerConnection.a(PlayerConnection.java:1878) ~[server.jar:git-Spigot-800b93f-8160e29]
	at net.minecraft.server.v1_15_R1.PacketPlayInUseEntity.a(SourceFile:68) ~[server.jar:git-Spigot-800b93f-8160e29]
	at net.minecraft.server.v1_15_R1.PacketPlayInUseEntity.a(SourceFile:13) ~[server.jar:git-Spigot-800b93f-8160e29]
	at net.minecraft.server.v1_15_R1.PlayerConnectionUtils.lambda$0(PlayerConnectionUtils.java:19) ~[server.jar:git-Spigot-800b93f-8160e29]
	at net.minecraft.server.v1_15_R1.TickTask.run(SourceFile:18) [server.jar:git-Spigot-800b93f-8160e29]
	at net.minecraft.server.v1_15_R1.IAsyncTaskHandler.executeTask(SourceFile:144) [server.jar:git-Spigot-800b93f-8160e29]
	at net.minecraft.server.v1_15_R1.IAsyncTaskHandlerReentrant.executeTask(SourceFile:23) [server.jar:git-Spigot-800b93f-8160e29]
	at net.minecraft.server.v1_15_R1.IAsyncTaskHandler.executeNext(SourceFile:118) [server.jar:git-Spigot-800b93f-8160e29]
	at net.minecraft.server.v1_15_R1.MinecraftServer.ba(MinecraftServer.java:918) [server.jar:git-Spigot-800b93f-8160e29]
	at net.minecraft.server.v1_15_R1.MinecraftServer.executeNext(MinecraftServer.java:911) [server.jar:git-Spigot-800b93f-8160e29]
	at net.minecraft.server.v1_15_R1.IAsyncTaskHandler.awaitTasks(SourceFile:127) [server.jar:git-Spigot-800b93f-8160e29]
	at net.minecraft.server.v1_15_R1.MinecraftServer.sleepForTick(MinecraftServer.java:895) [server.jar:git-Spigot-800b93f-8160e29]
	at net.minecraft.server.v1_15_R1.MinecraftServer.run(MinecraftServer.java:828) [server.jar:git-Spigot-800b93f-8160e29]
	at java.lang.Thread.run(Thread.java:748) [?:1.8.0_252]
Caused by: java.lang.ClassCastException: org.bukkit.craftbukkit.v1_15_R1.entity.CraftPhantom cannot be cast to org.bukkit.entity.Player
	at Crd.Code.Listeners.onDamage(Listeners.java:102) ~[?:?]
	at sun.reflect.GeneratedMethodAccessor6.invoke(Unknown Source) ~[?:?]
	at sun.reflect.DelegatingMethodAccessorImpl.invoke(DelegatingMethodAccessorImpl.java:43) ~[?:1.8.0_252]
	at java.lang.reflect.Method.invoke(Method.java:498) ~[?:1.8.0_252]
	at org.bukkit.plugin.java.JavaPluginLoader$1.execute(JavaPluginLoader.java:316) ~[server.jar:git-Spigot-800b93f-8160e29]
	... 26 more
[22:58:09] [Server thread/ERROR]: Could not pass event EntityDamageByEntityEvent to SuperLogin v1.1
org.bukkit.event.EventException: null
	at org.bukkit.plugin.java.JavaPluginLoader$1.execute(JavaPluginLoader.java:320) ~[server.jar:git-Spigot-800b93f-8160e29]
	at org.bukkit.plugin.RegisteredListener.callEvent(RegisteredListener.java:70) ~[server.jar:git-Spigot-800b93f-8160e29]
	at org.bukkit.plugin.SimplePluginManager.fireEvent(SimplePluginManager.java:529) ~[server.jar:git-Spigot-800b93f-8160e29]
	at org.bukkit.plugin.SimplePluginManager.callEvent(SimplePluginManager.java:514) ~[server.jar:git-Spigot-800b93f-8160e29]
	at org.bukkit.craftbukkit.v1_15_R1.event.CraftEventFactory.callEvent(CraftEventFactory.java:230) ~[server.jar:git-Spigot-800b93f-8160e29]
	at org.bukkit.craftbukkit.v1_15_R1.event.CraftEventFactory.callEntityDamageEvent(CraftEventFactory.java:923) ~[server.jar:git-Spigot-800b93f-8160e29]
	at org.bukkit.craftbukkit.v1_15_R1.event.CraftEventFactory.handleEntityDamageEvent(CraftEventFactory.java:810) ~[server.jar:git-Spigot-800b93f-8160e29]
	at org.bukkit.craftbukkit.v1_15_R1.event.CraftEventFactory.handleEntityDamageEvent(CraftEventFactory.java:766) ~[server.jar:git-Spigot-800b93f-8160e29]
	at org.bukkit.craftbukkit.v1_15_R1.event.CraftEventFactory.handleLivingEntityDamageEvent(CraftEventFactory.java:955) ~[server.jar:git-Spigot-800b93f-8160e29]
	at net.minecraft.server.v1_15_R1.EntityLiving.damageEntity0(EntityLiving.java:1624) ~[server.jar:git-Spigot-800b93f-8160e29]
	at net.minecraft.server.v1_15_R1.EntityLiving.damageEntity(EntityLiving.java:1028) ~[server.jar:git-Spigot-800b93f-8160e29]
	at net.minecraft.server.v1_15_R1.EntityHuman.attack(EntityHuman.java:1085) ~[server.jar:git-Spigot-800b93f-8160e29]
	at net.minecraft.server.v1_15_R1.EntityPlayer.attack(EntityPlayer.java:1545) ~[server.jar:git-Spigot-800b93f-8160e29]
	at net.minecraft.server.v1_15_R1.PlayerConnection.a(PlayerConnection.java:1878) ~[server.jar:git-Spigot-800b93f-8160e29]
	at net.minecraft.server.v1_15_R1.PacketPlayInUseEntity.a(SourceFile:68) ~[server.jar:git-Spigot-800b93f-8160e29]
	at net.minecraft.server.v1_15_R1.PacketPlayInUseEntity.a(SourceFile:13) ~[server.jar:git-Spigot-800b93f-8160e29]
	at net.minecraft.server.v1_15_R1.PlayerConnectionUtils.lambda$0(PlayerConnectionUtils.java:19) ~[server.jar:git-Spigot-800b93f-8160e29]
	at net.minecraft.server.v1_15_R1.TickTask.run(SourceFile:18) [server.jar:git-Spigot-800b93f-8160e29]
	at net.minecraft.server.v1_15_R1.IAsyncTaskHandler.executeTask(SourceFile:144) [server.jar:git-Spigot-800b93f-8160e29]
	at net.minecraft.server.v1_15_R1.IAsyncTaskHandlerReentrant.executeTask(SourceFile:23) [server.jar:git-Spigot-800b93f-8160e29]
	at net.minecraft.server.v1_15_R1.IAsyncTaskHandler.executeNext(SourceFile:118) [server.jar:git-Spigot-800b93f-8160e29]
	at net.minecraft.server.v1_15_R1.MinecraftServer.ba(MinecraftServer.java:918) [server.jar:git-Spigot-800b93f-8160e29]
	at net.minecraft.server.v1_15_R1.MinecraftServer.executeNext(MinecraftServer.java:911) [server.jar:git-Spigot-800b93f-8160e29]
	at net.minecraft.server.v1_15_R1.IAsyncTaskHandler.awaitTasks(SourceFile:127) [server.jar:git-Spigot-800b93f-8160e29]
	at net.minecraft.server.v1_15_R1.MinecraftServer.sleepForTick(MinecraftServer.java:895) [server.jar:git-Spigot-800b93f-8160e29]
	at net.minecraft.server.v1_15_R1.MinecraftServer.run(MinecraftServer.java:828) [server.jar:git-Spigot-800b93f-8160e29]
	at java.lang.Thread.run(Thread.java:748) [?:1.8.0_252]
Caused by: java.lang.ClassCastException: org.bukkit.craftbukkit.v1_15_R1.entity.CraftPhantom cannot be cast to org.bukkit.entity.Player
	at Crd.Code.Listeners.onDamage(Listeners.java:102) ~[?:?]
	at sun.reflect.GeneratedMethodAccessor6.invoke(Unknown Source) ~[?:?]
	at sun.reflect.DelegatingMethodAccessorImpl.invoke(DelegatingMethodAccessorImpl.java:43) ~[?:1.8.0_252]
	at java.lang.reflect.Method.invoke(Method.java:498) ~[?:1.8.0_252]
	at org.bukkit.plugin.java.JavaPluginLoader$1.execute(JavaPluginLoader.java:316) ~[server.jar:git-Spigot-800b93f-8160e29]
	... 26 more
[22:58:22] [Server thread/ERROR]: Could not pass event EntityDamageByEntityEvent to SuperLogin v1.1
org.bukkit.event.EventException: null
	at org.bukkit.plugin.java.JavaPluginLoader$1.execute(JavaPluginLoader.java:320) ~[server.jar:git-Spigot-800b93f-8160e29]
	at org.bukkit.plugin.RegisteredListener.callEvent(RegisteredListener.java:70) ~[server.jar:git-Spigot-800b93f-8160e29]
	at org.bukkit.plugin.SimplePluginManager.fireEvent(SimplePluginManager.java:529) ~[server.jar:git-Spigot-800b93f-8160e29]
	at org.bukkit.plugin.SimplePluginManager.callEvent(SimplePluginManager.java:514) ~[server.jar:git-Spigot-800b93f-8160e29]
	at org.bukkit.craftbukkit.v1_15_R1.event.CraftEventFactory.callEvent(CraftEventFactory.java:230) ~[server.jar:git-Spigot-800b93f-8160e29]
	at org.bukkit.craftbukkit.v1_15_R1.event.CraftEventFactory.callEntityDamageEvent(CraftEventFactory.java:923) ~[server.jar:git-Spigot-800b93f-8160e29]
	at org.bukkit.craftbukkit.v1_15_R1.event.CraftEventFactory.handleEntityDamageEvent(CraftEventFactory.java:810) ~[server.jar:git-Spigot-800b93f-8160e29]
	at org.bukkit.craftbukkit.v1_15_R1.event.CraftEventFactory.handleEntityDamageEvent(CraftEventFactory.java:766) ~[server.jar:git-Spigot-800b93f-8160e29]
	at org.bukkit.craftbukkit.v1_15_R1.event.CraftEventFactory.handleLivingEntityDamageEvent(CraftEventFactory.java:955) ~[server.jar:git-Spigot-800b93f-8160e29]
	at net.minecraft.server.v1_15_R1.EntityLiving.damageEntity0(EntityLiving.java:1624) ~[server.jar:git-Spigot-800b93f-8160e29]
	at net.minecraft.server.v1_15_R1.EntityLiving.damageEntity(EntityLiving.java:1028) ~[server.jar:git-Spigot-800b93f-8160e29]
	at net.minecraft.server.v1_15_R1.EntityHuman.attack(EntityHuman.java:1085) ~[server.jar:git-Spigot-800b93f-8160e29]
	at net.minecraft.server.v1_15_R1.EntityPlayer.attack(EntityPlayer.java:1545) ~[server.jar:git-Spigot-800b93f-8160e29]
	at net.minecraft.server.v1_15_R1.PlayerConnection.a(PlayerConnection.java:1878) ~[server.jar:git-Spigot-800b93f-8160e29]
	at net.minecraft.server.v1_15_R1.PacketPlayInUseEntity.a(SourceFile:68) ~[server.jar:git-Spigot-800b93f-8160e29]
	at net.minecraft.server.v1_15_R1.PacketPlayInUseEntity.a(SourceFile:13) ~[server.jar:git-Spigot-800b93f-8160e29]
	at net.minecraft.server.v1_15_R1.PlayerConnectionUtils.lambda$0(PlayerConnectionUtils.java:19) ~[server.jar:git-Spigot-800b93f-8160e29]
	at net.minecraft.server.v1_15_R1.TickTask.run(SourceFile:18) [server.jar:git-Spigot-800b93f-8160e29]
	at net.minecraft.server.v1_15_R1.IAsyncTaskHandler.executeTask(SourceFile:144) [server.jar:git-Spigot-800b93f-8160e29]
	at net.minecraft.server.v1_15_R1.IAsyncTaskHandlerReentrant.executeTask(SourceFile:23) [server.jar:git-Spigot-800b93f-8160e29]
	at net.minecraft.server.v1_15_R1.IAsyncTaskHandler.executeNext(SourceFile:118) [server.jar:git-Spigot-800b93f-8160e29]
	at net.minecraft.server.v1_15_R1.MinecraftServer.ba(MinecraftServer.java:918) [server.jar:git-Spigot-800b93f-8160e29]
	at net.minecraft.server.v1_15_R1.MinecraftServer.executeNext(MinecraftServer.java:911) [server.jar:git-Spigot-800b93f-8160e29]
	at net.minecraft.server.v1_15_R1.IAsyncTaskHandler.awaitTasks(SourceFile:127) [server.jar:git-Spigot-800b93f-8160e29]
	at net.minecraft.server.v1_15_R1.MinecraftServer.sleepForTick(MinecraftServer.java:895) [server.jar:git-Spigot-800b93f-8160e29]
	at net.minecraft.server.v1_15_R1.MinecraftServer.run(MinecraftServer.java:828) [server.jar:git-Spigot-800b93f-8160e29]
	at java.lang.Thread.run(Thread.java:748) [?:1.8.0_252]
Caused by: java.lang.ClassCastException: org.bukkit.craftbukkit.v1_15_R1.entity.CraftPhantom cannot be cast to org.bukkit.entity.Player
	at Crd.Code.Listeners.onDamage(Listeners.java:102) ~[?:?]
	at sun.reflect.GeneratedMethodAccessor6.invoke(Unknown Source) ~[?:?]
	at sun.reflect.DelegatingMethodAccessorImpl.invoke(DelegatingMethodAccessorImpl.java:43) ~[?:1.8.0_252]
	at java.lang.reflect.Method.invoke(Method.java:498) ~[?:1.8.0_252]
	at org.bukkit.plugin.java.JavaPluginLoader$1.execute(JavaPluginLoader.java:316) ~[server.jar:git-Spigot-800b93f-8160e29]
	... 26 more
[22:58:31] [Server thread/ERROR]: Could not pass event EntityDamageByEntityEvent to SuperLogin v1.1
org.bukkit.event.EventException: null
	at org.bukkit.plugin.java.JavaPluginLoader$1.execute(JavaPluginLoader.java:320) ~[server.jar:git-Spigot-800b93f-8160e29]
	at org.bukkit.plugin.RegisteredListener.callEvent(RegisteredListener.java:70) ~[server.jar:git-Spigot-800b93f-8160e29]
	at org.bukkit.plugin.SimplePluginManager.fireEvent(SimplePluginManager.java:529) ~[server.jar:git-Spigot-800b93f-8160e29]
	at org.bukkit.plugin.SimplePluginManager.callEvent(SimplePluginManager.java:514) ~[server.jar:git-Spigot-800b93f-8160e29]
	at org.bukkit.craftbukkit.v1_15_R1.event.CraftEventFactory.callEvent(CraftEventFactory.java:230) ~[server.jar:git-Spigot-800b93f-8160e29]
	at org.bukkit.craftbukkit.v1_15_R1.event.CraftEventFactory.callEntityDamageEvent(CraftEventFactory.java:923) ~[server.jar:git-Spigot-800b93f-8160e29]
	at org.bukkit.craftbukkit.v1_15_R1.event.CraftEventFactory.handleEntityDamageEvent(CraftEventFactory.java:810) ~[server.jar:git-Spigot-800b93f-8160e29]
	at org.bukkit.craftbukkit.v1_15_R1.event.CraftEventFactory.handleEntityDamageEvent(CraftEventFactory.java:766) ~[server.jar:git-Spigot-800b93f-8160e29]
	at org.bukkit.craftbukkit.v1_15_R1.event.CraftEventFactory.handleLivingEntityDamageEvent(CraftEventFactory.java:955) ~[server.jar:git-Spigot-800b93f-8160e29]
	at net.minecraft.server.v1_15_R1.EntityLiving.damageEntity0(EntityLiving.java:1624) ~[server.jar:git-Spigot-800b93f-8160e29]
	at net.minecraft.server.v1_15_R1.EntityLiving.damageEntity(EntityLiving.java:1028) ~[server.jar:git-Spigot-800b93f-8160e29]
	at net.minecraft.server.v1_15_R1.EntityHuman.attack(EntityHuman.java:1085) ~[server.jar:git-Spigot-800b93f-8160e29]
	at net.minecraft.server.v1_15_R1.EntityPlayer.attack(EntityPlayer.java:1545) ~[server.jar:git-Spigot-800b93f-8160e29]
	at net.minecraft.server.v1_15_R1.PlayerConnection.a(PlayerConnection.java:1878) ~[server.jar:git-Spigot-800b93f-8160e29]
	at net.minecraft.server.v1_15_R1.PacketPlayInUseEntity.a(SourceFile:68) ~[server.jar:git-Spigot-800b93f-8160e29]
	at net.minecraft.server.v1_15_R1.PacketPlayInUseEntity.a(SourceFile:13) ~[server.jar:git-Spigot-800b93f-8160e29]
	at net.minecraft.server.v1_15_R1.PlayerConnectionUtils.lambda$0(PlayerConnectionUtils.java:19) ~[server.jar:git-Spigot-800b93f-8160e29]
	at net.minecraft.server.v1_15_R1.TickTask.run(SourceFile:18) [server.jar:git-Spigot-800b93f-8160e29]
	at net.minecraft.server.v1_15_R1.IAsyncTaskHandler.executeTask(SourceFile:144) [server.jar:git-Spigot-800b93f-8160e29]
	at net.minecraft.server.v1_15_R1.IAsyncTaskHandlerReentrant.executeTask(SourceFile:23) [server.jar:git-Spigot-800b93f-8160e29]
	at net.minecraft.server.v1_15_R1.IAsyncTaskHandler.executeNext(SourceFile:118) [server.jar:git-Spigot-800b93f-8160e29]
	at net.minecraft.server.v1_15_R1.MinecraftServer.ba(MinecraftServer.java:918) [server.jar:git-Spigot-800b93f-8160e29]
	at net.minecraft.server.v1_15_R1.MinecraftServer.executeNext(MinecraftServer.java:911) [server.jar:git-Spigot-800b93f-8160e29]
	at net.minecraft.server.v1_15_R1.IAsyncTaskHandler.awaitTasks(SourceFile:127) [server.jar:git-Spigot-800b93f-8160e29]
	at net.minecraft.server.v1_15_R1.MinecraftServer.sleepForTick(MinecraftServer.java:895) [server.jar:git-Spigot-800b93f-8160e29]
	at net.minecraft.server.v1_15_R1.MinecraftServer.run(MinecraftServer.java:828) [server.jar:git-Spigot-800b93f-8160e29]
	at java.lang.Thread.run(Thread.java:748) [?:1.8.0_252]
Caused by: java.lang.ClassCastException: org.bukkit.craftbukkit.v1_15_R1.entity.CraftPhantom cannot be cast to org.bukkit.entity.Player
	at Crd.Code.Listeners.onDamage(Listeners.java:102) ~[?:?]
	at sun.reflect.GeneratedMethodAccessor6.invoke(Unknown Source) ~[?:?]
	at sun.reflect.DelegatingMethodAccessorImpl.invoke(DelegatingMethodAccessorImpl.java:43) ~[?:1.8.0_252]
	at java.lang.reflect.Method.invoke(Method.java:498) ~[?:1.8.0_252]
	at org.bukkit.plugin.java.JavaPluginLoader$1.execute(JavaPluginLoader.java:316) ~[server.jar:git-Spigot-800b93f-8160e29]
	... 26 more
[22:58:47] [Server thread/ERROR]: Could not pass event EntityDamageByEntityEvent to SuperLogin v1.1
org.bukkit.event.EventException: null
	at org.bukkit.plugin.java.JavaPluginLoader$1.execute(JavaPluginLoader.java:320) ~[server.jar:git-Spigot-800b93f-8160e29]
	at org.bukkit.plugin.RegisteredListener.callEvent(RegisteredListener.java:70) ~[server.jar:git-Spigot-800b93f-8160e29]
	at org.bukkit.plugin.SimplePluginManager.fireEvent(SimplePluginManager.java:529) ~[server.jar:git-Spigot-800b93f-8160e29]
	at org.bukkit.plugin.SimplePluginManager.callEvent(SimplePluginManager.java:514) ~[server.jar:git-Spigot-800b93f-8160e29]
	at org.bukkit.craftbukkit.v1_15_R1.event.CraftEventFactory.callEvent(CraftEventFactory.java:230) ~[server.jar:git-Spigot-800b93f-8160e29]
	at org.bukkit.craftbukkit.v1_15_R1.event.CraftEventFactory.callEntityDamageEvent(CraftEventFactory.java:923) ~[server.jar:git-Spigot-800b93f-8160e29]
	at org.bukkit.craftbukkit.v1_15_R1.event.CraftEventFactory.handleEntityDamageEvent(CraftEventFactory.java:810) ~[server.jar:git-Spigot-800b93f-8160e29]
	at org.bukkit.craftbukkit.v1_15_R1.event.CraftEventFactory.handleEntityDamageEvent(CraftEventFactory.java:766) ~[server.jar:git-Spigot-800b93f-8160e29]
	at org.bukkit.craftbukkit.v1_15_R1.event.CraftEventFactory.handleLivingEntityDamageEvent(CraftEventFactory.java:955) ~[server.jar:git-Spigot-800b93f-8160e29]
	at net.minecraft.server.v1_15_R1.EntityLiving.damageEntity0(EntityLiving.java:1624) ~[server.jar:git-Spigot-800b93f-8160e29]
	at net.minecraft.server.v1_15_R1.EntityLiving.damageEntity(EntityLiving.java:1028) ~[server.jar:git-Spigot-800b93f-8160e29]
	at net.minecraft.server.v1_15_R1.EntityHuman.attack(EntityHuman.java:1085) ~[server.jar:git-Spigot-800b93f-8160e29]
	at net.minecraft.server.v1_15_R1.EntityPlayer.attack(EntityPlayer.java:1545) ~[server.jar:git-Spigot-800b93f-8160e29]
	at net.minecraft.server.v1_15_R1.PlayerConnection.a(PlayerConnection.java:1878) ~[server.jar:git-Spigot-800b93f-8160e29]
	at net.minecraft.server.v1_15_R1.PacketPlayInUseEntity.a(SourceFile:68) ~[server.jar:git-Spigot-800b93f-8160e29]
	at net.minecraft.server.v1_15_R1.PacketPlayInUseEntity.a(SourceFile:13) ~[server.jar:git-Spigot-800b93f-8160e29]
	at net.minecraft.server.v1_15_R1.PlayerConnectionUtils.lambda$0(PlayerConnectionUtils.java:19) ~[server.jar:git-Spigot-800b93f-8160e29]
	at net.minecraft.server.v1_15_R1.TickTask.run(SourceFile:18) [server.jar:git-Spigot-800b93f-8160e29]
	at net.minecraft.server.v1_15_R1.IAsyncTaskHandler.executeTask(SourceFile:144) [server.jar:git-Spigot-800b93f-8160e29]
	at net.minecraft.server.v1_15_R1.IAsyncTaskHandlerReentrant.executeTask(SourceFile:23) [server.jar:git-Spigot-800b93f-8160e29]
	at net.minecraft.server.v1_15_R1.IAsyncTaskHandler.executeNext(SourceFile:118) [server.jar:git-Spigot-800b93f-8160e29]
	at net.minecraft.server.v1_15_R1.MinecraftServer.ba(MinecraftServer.java:918) [server.jar:git-Spigot-800b93f-8160e29]
	at net.minecraft.server.v1_15_R1.MinecraftServer.executeNext(MinecraftServer.java:911) [server.jar:git-Spigot-800b93f-8160e29]
	at net.minecraft.server.v1_15_R1.IAsyncTaskHandler.awaitTasks(SourceFile:127) [server.jar:git-Spigot-800b93f-8160e29]
	at net.minecraft.server.v1_15_R1.MinecraftServer.sleepForTick(MinecraftServer.java:895) [server.jar:git-Spigot-800b93f-8160e29]
	at net.minecraft.server.v1_15_R1.MinecraftServer.run(MinecraftServer.java:828) [server.jar:git-Spigot-800b93f-8160e29]
	at java.lang.Thread.run(Thread.java:748) [?:1.8.0_252]
Caused by: java.lang.ClassCastException: org.bukkit.craftbukkit.v1_15_R1.entity.CraftPhantom cannot be cast to org.bukkit.entity.Player
	at Crd.Code.Listeners.onDamage(Listeners.java:102) ~[?:?]
	at sun.reflect.GeneratedMethodAccessor6.invoke(Unknown Source) ~[?:?]
	at sun.reflect.DelegatingMethodAccessorImpl.invoke(DelegatingMethodAccessorImpl.java:43) ~[?:1.8.0_252]
	at java.lang.reflect.Method.invoke(Method.java:498) ~[?:1.8.0_252]
	at org.bukkit.plugin.java.JavaPluginLoader$1.execute(JavaPluginLoader.java:316) ~[server.jar:git-Spigot-800b93f-8160e29]
	... 26 more
[22:58:49] [Server thread/ERROR]: Could not pass event EntityDamageByEntityEvent to SuperLogin v1.1
org.bukkit.event.EventException: null
	at org.bukkit.plugin.java.JavaPluginLoader$1.execute(JavaPluginLoader.java:320) ~[server.jar:git-Spigot-800b93f-8160e29]
	at org.bukkit.plugin.RegisteredListener.callEvent(RegisteredListener.java:70) ~[server.jar:git-Spigot-800b93f-8160e29]
	at org.bukkit.plugin.SimplePluginManager.fireEvent(SimplePluginManager.java:529) ~[server.jar:git-Spigot-800b93f-8160e29]
	at org.bukkit.plugin.SimplePluginManager.callEvent(SimplePluginManager.java:514) ~[server.jar:git-Spigot-800b93f-8160e29]
	at org.bukkit.craftbukkit.v1_15_R1.event.CraftEventFactory.callEvent(CraftEventFactory.java:230) ~[server.jar:git-Spigot-800b93f-8160e29]
	at org.bukkit.craftbukkit.v1_15_R1.event.CraftEventFactory.callEntityDamageEvent(CraftEventFactory.java:923) ~[server.jar:git-Spigot-800b93f-8160e29]
	at org.bukkit.craftbukkit.v1_15_R1.event.CraftEventFactory.handleEntityDamageEvent(CraftEventFactory.java:810) ~[server.jar:git-Spigot-800b93f-8160e29]
	at org.bukkit.craftbukkit.v1_15_R1.event.CraftEventFactory.handleEntityDamageEvent(CraftEventFactory.java:766) ~[server.jar:git-Spigot-800b93f-8160e29]
	at org.bukkit.craftbukkit.v1_15_R1.event.CraftEventFactory.handleLivingEntityDamageEvent(CraftEventFactory.java:955) ~[server.jar:git-Spigot-800b93f-8160e29]
	at net.minecraft.server.v1_15_R1.EntityLiving.damageEntity0(EntityLiving.java:1624) ~[server.jar:git-Spigot-800b93f-8160e29]
	at net.minecraft.server.v1_15_R1.EntityLiving.damageEntity(EntityLiving.java:1028) ~[server.jar:git-Spigot-800b93f-8160e29]
	at net.minecraft.server.v1_15_R1.EntityHuman.attack(EntityHuman.java:1085) ~[server.jar:git-Spigot-800b93f-8160e29]
	at net.minecraft.server.v1_15_R1.EntityPlayer.attack(EntityPlayer.java:1545) ~[server.jar:git-Spigot-800b93f-8160e29]
	at net.minecraft.server.v1_15_R1.PlayerConnection.a(PlayerConnection.java:1878) ~[server.jar:git-Spigot-800b93f-8160e29]
	at net.minecraft.server.v1_15_R1.PacketPlayInUseEntity.a(SourceFile:68) ~[server.jar:git-Spigot-800b93f-8160e29]
	at net.minecraft.server.v1_15_R1.PacketPlayInUseEntity.a(SourceFile:13) ~[server.jar:git-Spigot-800b93f-8160e29]
	at net.minecraft.server.v1_15_R1.PlayerConnectionUtils.lambda$0(PlayerConnectionUtils.java:19) ~[server.jar:git-Spigot-800b93f-8160e29]
	at net.minecraft.server.v1_15_R1.TickTask.run(SourceFile:18) [server.jar:git-Spigot-800b93f-8160e29]
	at net.minecraft.server.v1_15_R1.IAsyncTaskHandler.executeTask(SourceFile:144) [server.jar:git-Spigot-800b93f-8160e29]
	at net.minecraft.server.v1_15_R1.IAsyncTaskHandlerReentrant.executeTask(SourceFile:23) [server.jar:git-Spigot-800b93f-8160e29]
	at net.minecraft.server.v1_15_R1.IAsyncTaskHandler.executeNext(SourceFile:118) [server.jar:git-Spigot-800b93f-8160e29]
	at net.minecraft.server.v1_15_R1.MinecraftServer.ba(MinecraftServer.java:918) [server.jar:git-Spigot-800b93f-8160e29]
	at net.minecraft.server.v1_15_R1.MinecraftServer.executeNext(MinecraftServer.java:911) [server.jar:git-Spigot-800b93f-8160e29]
	at net.minecraft.server.v1_15_R1.IAsyncTaskHandler.awaitTasks(SourceFile:127) [server.jar:git-Spigot-800b93f-8160e29]
	at net.minecraft.server.v1_15_R1.MinecraftServer.sleepForTick(MinecraftServer.java:895) [server.jar:git-Spigot-800b93f-8160e29]
	at net.minecraft.server.v1_15_R1.MinecraftServer.run(MinecraftServer.java:828) [server.jar:git-Spigot-800b93f-8160e29]
	at java.lang.Thread.run(Thread.java:748) [?:1.8.0_252]
Caused by: java.lang.ClassCastException: org.bukkit.craftbukkit.v1_15_R1.entity.CraftPhantom cannot be cast to org.bukkit.entity.Player
	at Crd.Code.Listeners.onDamage(Listeners.java:102) ~[?:?]
	at sun.reflect.GeneratedMethodAccessor6.invoke(Unknown Source) ~[?:?]
	at sun.reflect.DelegatingMethodAccessorImpl.invoke(DelegatingMethodAccessorImpl.java:43) ~[?:1.8.0_252]
	at java.lang.reflect.Method.invoke(Method.java:498) ~[?:1.8.0_252]
	at org.bukkit.plugin.java.JavaPluginLoader$1.execute(JavaPluginLoader.java:316) ~[server.jar:git-Spigot-800b93f-8160e29]
	... 26 more
